<?xml version="1.0" encoding="UTF-8"?>
<coverage generated="1741277709799" clover="3.2.0">
  <project timestamp="1741277709799" name="All files">
    <metrics statements="380" coveredstatements="280" conditionals="141" coveredconditionals="71" methods="120" coveredmethods="71" elements="641" coveredelements="422" complexity="0" loc="380" ncloc="380" packages="6" files="22" classes="22"/>
    <package name="trabajoFinal">
      <metrics statements="27" coveredstatements="21" conditionals="4" coveredconditionals="3" methods="9" coveredmethods="4"/>
      <file name="Conferencia.js" path="C:\proyectos\trabajoFinal\Conferencia.js">
        <metrics statements="27" coveredstatements="21" conditionals="4" coveredconditionals="3" methods="9" coveredmethods="4"/>
        <line num="1" count="1" type="stmt"/>
        <line num="2" count="1" type="stmt"/>
        <line num="3" count="1" type="stmt"/>
        <line num="4" count="1" type="stmt"/>
        <line num="8" count="3" type="stmt"/>
        <line num="9" count="3" type="stmt"/>
        <line num="10" count="3" type="stmt"/>
        <line num="12" count="3" type="stmt"/>
        <line num="14" count="3" type="stmt"/>
        <line num="15" count="57" type="stmt"/>
        <line num="16" count="57" type="stmt"/>
        <line num="20" count="0" type="stmt"/>
        <line num="25" count="5" type="cond" truecount="3" falsecount="1"/>
        <line num="27" count="2" type="stmt"/>
        <line num="28" count="2" type="stmt"/>
        <line num="30" count="2" type="stmt"/>
        <line num="31" count="2" type="stmt"/>
        <line num="33" count="1" type="stmt"/>
        <line num="34" count="1" type="stmt"/>
        <line num="36" count="0" type="stmt"/>
        <line num="38" count="5" type="stmt"/>
        <line num="39" count="5" type="stmt"/>
        <line num="43" count="0" type="stmt"/>
        <line num="48" count="0" type="stmt"/>
        <line num="49" count="0" type="stmt"/>
        <line num="50" count="0" type="stmt"/>
        <line num="54" count="1" type="stmt"/>
      </file>
    </package>
    <package name="trabajoFinal.Articulo">
      <metrics statements="56" coveredstatements="38" conditionals="31" coveredconditionals="20" methods="17" coveredmethods="11"/>
      <file name="Articulo.js" path="C:\proyectos\trabajoFinal\Articulo\Articulo.js">
        <metrics statements="35" coveredstatements="24" conditionals="24" coveredconditionals="15" methods="11" coveredmethods="9"/>
        <line num="3" count="7" type="cond" truecount="1" falsecount="1"/>
        <line num="4" count="0" type="stmt"/>
        <line num="7" count="7" type="cond" truecount="4" falsecount="1"/>
        <line num="8" count="0" type="stmt"/>
        <line num="10" count="7" type="stmt"/>
        <line num="12" count="7" type="stmt"/>
        <line num="13" count="7" type="stmt"/>
        <line num="14" count="7" type="stmt"/>
        <line num="16" count="0" type="stmt"/>
        <line num="19" count="7" type="cond" truecount="4" falsecount="1"/>
        <line num="20" count="0" type="stmt"/>
        <line num="22" count="7" type="stmt"/>
        <line num="24" count="7" type="cond" truecount="1" falsecount="1"/>
        <line num="25" count="0" type="stmt"/>
        <line num="28" count="8" type="cond" truecount="1" falsecount="1"/>
        <line num="29" count="0" type="stmt"/>
        <line num="32" count="7" type="stmt"/>
        <line num="34" count="7" type="stmt"/>
        <line num="35" count="7" type="stmt"/>
        <line num="36" count="7" type="stmt"/>
        <line num="41" count="7" type="cond" truecount="1" falsecount="1"/>
        <line num="42" count="0" type="stmt"/>
        <line num="44" count="7" type="stmt"/>
        <line num="48" count="21" type="stmt"/>
        <line num="49" count="24" type="stmt"/>
        <line num="54" count="84" type="stmt"/>
        <line num="58" count="273" type="stmt"/>
        <line num="62" count="63" type="cond" truecount="3" falsecount="1"/>
        <line num="63" count="63" type="stmt"/>
        <line num="65" count="0" type="stmt"/>
        <line num="70" count="84" type="stmt"/>
        <line num="82" count="0" type="cond" truecount="0" falsecount="2"/>
        <line num="83" count="0" type="stmt"/>
        <line num="84" count="0" type="stmt"/>
        <line num="132" count="1" type="stmt"/>
      </file>
      <file name="ArticuloPoster.js" path="C:\proyectos\trabajoFinal\Articulo\ArticuloPoster.js">
        <metrics statements="10" coveredstatements="7" conditionals="0" coveredconditionals="0" methods="3" coveredmethods="1"/>
        <line num="1" count="1" type="stmt"/>
        <line num="5" count="4" type="stmt"/>
        <line num="7" count="4" type="stmt"/>
        <line num="8" count="4" type="stmt"/>
        <line num="9" count="4" type="stmt"/>
        <line num="11" count="0" type="stmt"/>
        <line num="14" count="4" type="stmt"/>
        <line num="18" count="0" type="stmt"/>
        <line num="19" count="0" type="stmt"/>
        <line num="27" count="1" type="stmt"/>
      </file>
      <file name="ArticuloRegular.js" path="C:\proyectos\trabajoFinal\Articulo\ArticuloRegular.js">
        <metrics statements="11" coveredstatements="7" conditionals="7" coveredconditionals="5" methods="3" coveredmethods="1"/>
        <line num="1" count="1" type="stmt"/>
        <line num="5" count="3" type="stmt"/>
        <line num="7" count="3" type="stmt"/>
        <line num="9" count="3" type="cond" truecount="4" falsecount="1"/>
        <line num="10" count="0" type="stmt"/>
        <line num="12" count="3" type="cond" truecount="1" falsecount="1"/>
        <line num="13" count="0" type="stmt"/>
        <line num="15" count="3" type="stmt"/>
        <line num="19" count="0" type="stmt"/>
        <line num="20" count="0" type="stmt"/>
        <line num="29" count="1" type="stmt"/>
      </file>
    </package>
    <package name="trabajoFinal.EstadoSesion">
      <metrics statements="134" coveredstatements="99" conditionals="50" coveredconditionals="34" methods="52" coveredmethods="32"/>
      <file name="EstadoAsignacion.js" path="C:\proyectos\trabajoFinal\EstadoSesion\EstadoAsignacion.js">
        <metrics statements="67" coveredstatements="59" conditionals="30" coveredconditionals="22" methods="21" coveredmethods="18"/>
        <line num="1" count="1" type="stmt"/>
        <line num="2" count="1" type="stmt"/>
        <line num="7" count="3" type="stmt"/>
        <line num="11" count="0" type="stmt"/>
        <line num="15" count="3" type="stmt"/>
        <line num="19" count="0" type="stmt"/>
        <line num="23" count="0" type="stmt"/>
        <line num="28" count="3" type="cond" truecount="1" falsecount="1"/>
        <line num="29" count="0" type="stmt"/>
        <line num="34" count="3" type="stmt"/>
        <line num="35" count="3" type="stmt"/>
        <line num="36" count="3" type="stmt"/>
        <line num="37" count="3" type="stmt"/>
        <line num="38" count="3" type="stmt"/>
        <line num="41" count="3" type="cond" truecount="1" falsecount="1"/>
        <line num="42" count="0" type="stmt"/>
        <line num="45" count="3" type="stmt"/>
        <line num="46" count="3" type="stmt"/>
        <line num="49" count="3" type="stmt"/>
        <line num="50" count="39" type="stmt"/>
        <line num="54" count="3" type="stmt"/>
        <line num="55" count="273" type="stmt"/>
        <line num="57" count="273" type="cond" truecount="2" falsecount="0"/>
        <line num="58" count="3" type="stmt"/>
        <line num="66" count="273" type="cond" truecount="2" falsecount="0"/>
        <line num="67" count="228" type="cond" truecount="2" falsecount="0"/>
        <line num="68" count="210" type="cond" truecount="2" falsecount="0"/>
        <line num="69" count="189" type="stmt"/>
        <line num="72" count="3" type="stmt"/>
        <line num="73" count="21" type="stmt"/>
        <line num="74" count="21" type="stmt"/>
        <line num="75" count="21" type="stmt"/>
        <line num="78" count="21" type="stmt"/>
        <line num="79" count="414" type="stmt"/>
        <line num="83" count="315" type="stmt"/>
        <line num="84" count="126" type="stmt"/>
        <line num="85" count="1323" type="stmt"/>
        <line num="86" count="147" type="stmt"/>
        <line num="89" count="21" type="stmt"/>
        <line num="90" count="33" type="stmt"/>
        <line num="91" count="63" type="cond" truecount="1" falsecount="1"/>
        <line num="92" count="426" type="stmt"/>
        <line num="93" count="63" type="cond" truecount="3" falsecount="1"/>
        <line num="94" count="63" type="stmt"/>
        <line num="95" count="63" type="stmt"/>
        <line num="96" count="63" type="stmt"/>
        <line num="97" count="63" type="stmt"/>
        <line num="100" count="0" type="stmt"/>
        <line num="106" count="21" type="stmt"/>
        <line num="107" count="21" type="cond" truecount="2" falsecount="0"/>
        <line num="108" count="21" type="cond" truecount="1" falsecount="1"/>
        <line num="109" count="21" type="cond" truecount="1" falsecount="1"/>
        <line num="114" count="21" type="cond" truecount="1" falsecount="1"/>
        <line num="115" count="0" type="stmt"/>
        <line num="118" count="21" type="stmt"/>
        <line num="122" count="39" type="stmt"/>
        <line num="123" count="3" type="cond" truecount="1" falsecount="1"/>
        <line num="124" count="0" type="stmt"/>
        <line num="129" count="3" type="stmt"/>
        <line num="130" count="3" type="stmt"/>
        <line num="131" count="3" type="stmt"/>
        <line num="133" count="3" type="stmt"/>
        <line num="134" count="21" type="stmt"/>
        <line num="135" count="273" type="stmt"/>
        <line num="136" count="273" type="stmt"/>
        <line num="144" count="3" type="stmt"/>
        <line num="161" count="1" type="stmt"/>
      </file>
      <file name="EstadoBidding.js" path="C:\proyectos\trabajoFinal\EstadoSesion\EstadoBidding.js">
        <metrics statements="16" coveredstatements="10" conditionals="6" coveredconditionals="3" methods="6" coveredmethods="3"/>
        <line num="1" count="1" type="stmt"/>
        <line num="2" count="1" type="stmt"/>
        <line num="7" count="3" type="stmt"/>
        <line num="11" count="0" type="stmt"/>
        <line num="15" count="3" type="stmt"/>
        <line num="19" count="0" type="stmt"/>
        <line num="23" count="84" type="cond" truecount="1" falsecount="1"/>
        <line num="24" count="0" type="stmt"/>
        <line num="30" count="84" type="stmt"/>
        <line num="31" count="84" type="cond" truecount="1" falsecount="1"/>
        <line num="32" count="0" type="stmt"/>
        <line num="36" count="84" type="cond" truecount="1" falsecount="1"/>
        <line num="37" count="0" type="stmt"/>
        <line num="40" count="84" type="stmt"/>
        <line num="44" count="0" type="stmt"/>
        <line num="66" count="1" type="stmt"/>
      </file>
      <file name="EstadoRecepcion.js" path="C:\proyectos\trabajoFinal\EstadoSesion\EstadoRecepcion.js">
        <metrics statements="18" coveredstatements="11" conditionals="4" coveredconditionals="2" methods="7" coveredmethods="4"/>
        <line num="1" count="1" type="stmt"/>
        <line num="2" count="1" type="stmt"/>
        <line num="7" count="5" type="stmt"/>
        <line num="8" count="5" type="stmt"/>
        <line num="12" count="0" type="stmt"/>
        <line num="16" count="3" type="stmt"/>
        <line num="20" count="21" type="stmt"/>
        <line num="24" count="21" type="cond" truecount="1" falsecount="1"/>
        <line num="26" count="0" type="stmt"/>
        <line num="27" count="0" type="stmt"/>
        <line num="30" count="21" type="cond" truecount="1" falsecount="1"/>
        <line num="32" count="0" type="stmt"/>
        <line num="33" count="0" type="stmt"/>
        <line num="37" count="21" type="stmt"/>
        <line num="40" count="21" type="stmt"/>
        <line num="44" count="0" type="stmt"/>
        <line num="48" count="0" type="stmt"/>
        <line num="51" count="1" type="stmt"/>
      </file>
      <file name="EstadoRevision.js" path="C:\proyectos\trabajoFinal\EstadoSesion\EstadoRevision.js">
        <metrics statements="19" coveredstatements="11" conditionals="10" coveredconditionals="7" methods="7" coveredmethods="2"/>
        <line num="1" count="1" type="stmt"/>
        <line num="2" count="1" type="stmt"/>
        <line num="7" count="3" type="stmt"/>
        <line num="8" count="3" type="stmt"/>
        <line num="12" count="0" type="stmt"/>
        <line num="16" count="0" type="stmt"/>
        <line num="20" count="0" type="stmt"/>
        <line num="24" count="0" type="stmt"/>
        <line num="28" count="0" type="stmt"/>
        <line num="44" count="63" type="cond" truecount="1" falsecount="1"/>
        <line num="45" count="0" type="stmt"/>
        <line num="49" count="63" type="cond" truecount="1" falsecount="1"/>
        <line num="50" count="0" type="stmt"/>
        <line num="52" count="63" type="cond" truecount="3" falsecount="1"/>
        <line num="53" count="0" type="stmt"/>
        <line num="56" count="63" type="cond" truecount="2" falsecount="0"/>
        <line num="57" count="21" type="stmt"/>
        <line num="60" count="63" type="stmt"/>
        <line num="75" count="1" type="stmt"/>
      </file>
      <file name="EstadoSeleccion.js" path="C:\proyectos\trabajoFinal\EstadoSesion\EstadoSeleccion.js">
        <metrics statements="7" coveredstatements="6" conditionals="0" coveredconditionals="0" methods="5" coveredmethods="4"/>
        <line num="1" count="1" type="stmt"/>
        <line num="5" count="3" type="stmt"/>
        <line num="9" count="3" type="stmt"/>
        <line num="13" count="1" type="stmt"/>
        <line num="17" count="1" type="stmt"/>
        <line num="21" count="0" type="stmt"/>
        <line num="36" count="1" type="stmt"/>
      </file>
      <file name="EstadoSesion.js" path="C:\proyectos\trabajoFinal\EstadoSesion\EstadoSesion.js">
        <metrics statements="7" coveredstatements="2" conditionals="0" coveredconditionals="0" methods="6" coveredmethods="1"/>
        <line num="3" count="17" type="stmt"/>
        <line num="7" count="0" type="stmt"/>
        <line num="11" count="0" type="stmt"/>
        <line num="15" count="0" type="stmt"/>
        <line num="19" count="0" type="stmt"/>
        <line num="23" count="0" type="stmt"/>
        <line num="26" count="1" type="stmt"/>
      </file>
    </package>
    <package name="trabajoFinal.Sesion">
      <metrics statements="55" coveredstatements="42" conditionals="14" coveredconditionals="7" methods="22" coveredmethods="15"/>
      <file name="Sesion.js" path="C:\proyectos\trabajoFinal\Sesion\Sesion.js">
        <metrics statements="37" coveredstatements="26" conditionals="12" coveredconditionals="5" methods="16" coveredmethods="11"/>
        <line num="1" count="1" type="stmt"/>
        <line num="2" count="1" type="stmt"/>
        <line num="6" count="5" type="cond" truecount="1" falsecount="1"/>
        <line num="7" count="0" type="stmt"/>
        <line num="9" count="5" type="stmt"/>
        <line num="10" count="5" type="stmt"/>
        <line num="11" count="5" type="stmt"/>
        <line num="12" count="5" type="stmt"/>
        <line num="13" count="5" type="stmt"/>
        <line num="14" count="5" type="stmt"/>
        <line num="15" count="5" type="stmt"/>
        <line num="19" count="0" type="stmt"/>
        <line num="23" count="314" type="stmt"/>
        <line num="27" count="12" type="stmt"/>
        <line num="31" count="0" type="stmt"/>
        <line num="36" count="21" type="stmt"/>
        <line num="37" count="21" type="stmt"/>
        <line num="42" count="21" type="stmt"/>
        <line num="46" count="0" type="stmt"/>
        <line num="52" count="507" type="stmt"/>
        <line num="54" count="39" type="cond" truecount="1" falsecount="1"/>
        <line num="55" count="0" type="stmt"/>
        <line num="59" count="39" type="cond" truecount="1" falsecount="1"/>
        <line num="60" count="0" type="stmt"/>
        <line num="64" count="39" type="cond" truecount="1" falsecount="1"/>
        <line num="65" count="0" type="stmt"/>
        <line num="69" count="39" type="stmt"/>
        <line num="74" count="84" type="stmt"/>
        <line num="75" count="21" type="cond" truecount="1" falsecount="1"/>
        <line num="77" count="21" type="stmt"/>
        <line num="78" count="63" type="stmt"/>
        <line num="81" count="0" type="stmt"/>
        <line num="86" count="1" type="stmt"/>
        <line num="90" count="0" type="stmt"/>
        <line num="94" count="0" type="cond" truecount="0" falsecount="2"/>
        <line num="95" count="0" type="stmt"/>
        <line num="284" count="1" type="stmt"/>
      </file>
      <file name="SesionPoster.js" path="C:\proyectos\trabajoFinal\Sesion\SesionPoster.js">
        <metrics statements="6" coveredstatements="5" conditionals="0" coveredconditionals="0" methods="2" coveredmethods="1"/>
        <line num="1" count="1" type="stmt"/>
        <line num="5" count="1" type="stmt"/>
        <line num="6" count="1" type="stmt"/>
        <line num="7" count="1" type="stmt"/>
        <line num="14" count="0" type="stmt"/>
        <line num="21" count="1" type="stmt"/>
      </file>
      <file name="SesionRegular.js" path="C:\proyectos\trabajoFinal\Sesion\SesionRegular.js">
        <metrics statements="6" coveredstatements="5" conditionals="0" coveredconditionals="0" methods="2" coveredmethods="1"/>
        <line num="1" count="1" type="stmt"/>
        <line num="5" count="2" type="stmt"/>
        <line num="6" count="2" type="stmt"/>
        <line num="7" count="2" type="stmt"/>
        <line num="14" count="0" type="stmt"/>
        <line num="73" count="1" type="stmt"/>
      </file>
      <file name="SesionWorkshop.js" path="C:\proyectos\trabajoFinal\Sesion\SesionWorkshop.js">
        <metrics statements="6" coveredstatements="6" conditionals="2" coveredconditionals="2" methods="2" coveredmethods="2"/>
        <line num="1" count="1" type="stmt"/>
        <line num="5" count="2" type="stmt"/>
        <line num="6" count="2" type="stmt"/>
        <line num="7" count="2" type="stmt"/>
        <line num="14" count="21" type="cond" truecount="2" falsecount="0"/>
        <line num="17" count="1" type="stmt"/>
      </file>
    </package>
    <package name="trabajoFinal.Usuario">
      <metrics statements="56" coveredstatements="28" conditionals="42" coveredconditionals="7" methods="20" coveredmethods="9"/>
      <file name="Autor.js" path="C:\proyectos\trabajoFinal\Usuario\Autor.js">
        <metrics statements="12" coveredstatements="6" conditionals="8" coveredconditionals="0" methods="5" coveredmethods="3"/>
        <line num="1" count="1" type="stmt"/>
        <line num="5" count="4" type="stmt"/>
        <line num="6" count="4" type="stmt"/>
        <line num="13" count="0" type="stmt"/>
        <line num="18" count="0" type="cond" truecount="0" falsecount="2"/>
        <line num="19" count="0" type="stmt"/>
        <line num="23" count="0" type="cond" truecount="0" falsecount="6"/>
        <line num="25" count="0" type="stmt"/>
        <line num="27" count="0" type="stmt"/>
        <line num="32" count="21" type="stmt"/>
        <line num="37" count="24" type="stmt"/>
        <line num="69" count="1" type="stmt"/>
      </file>
      <file name="Chair.js" path="C:\proyectos\trabajoFinal\Usuario\Chair.js">
        <metrics statements="11" coveredstatements="4" conditionals="8" coveredconditionals="0" methods="4" coveredmethods="1"/>
        <line num="1" count="1" type="stmt"/>
        <line num="5" count="2" type="stmt"/>
        <line num="6" count="2" type="stmt"/>
        <line num="10" count="0" type="stmt"/>
        <line num="14" count="0" type="cond" truecount="0" falsecount="2"/>
        <line num="15" count="0" type="stmt"/>
        <line num="19" count="0" type="cond" truecount="0" falsecount="6"/>
        <line num="21" count="0" type="stmt"/>
        <line num="23" count="0" type="stmt"/>
        <line num="27" count="0" type="stmt"/>
        <line num="147" count="1" type="stmt"/>
      </file>
      <file name="Revisor.js" path="C:\proyectos\trabajoFinal\Usuario\Revisor.js">
        <metrics statements="10" coveredstatements="4" conditionals="8" coveredconditionals="0" methods="3" coveredmethods="1"/>
        <line num="1" count="1" type="stmt"/>
        <line num="5" count="13" type="stmt"/>
        <line num="6" count="13" type="stmt"/>
        <line num="11" count="0" type="stmt"/>
        <line num="15" count="0" type="cond" truecount="0" falsecount="2"/>
        <line num="16" count="0" type="stmt"/>
        <line num="20" count="0" type="cond" truecount="0" falsecount="6"/>
        <line num="22" count="0" type="stmt"/>
        <line num="24" count="0" type="stmt"/>
        <line num="102" count="1" type="stmt"/>
      </file>
      <file name="Usuario.js" path="C:\proyectos\trabajoFinal\Usuario\Usuario.js">
        <metrics statements="23" coveredstatements="14" conditionals="18" coveredconditionals="7" methods="8" coveredmethods="4"/>
        <line num="3" count="1" type="stmt"/>
        <line num="6" count="19" type="cond" truecount="1" falsecount="1"/>
        <line num="7" count="0" type="stmt"/>
        <line num="9" count="19" type="stmt"/>
        <line num="10" count="19" type="stmt"/>
        <line num="11" count="19" type="stmt"/>
        <line num="12" count="19" type="stmt"/>
        <line num="13" count="19" type="stmt"/>
        <line num="14" count="19" type="stmt"/>
        <line num="17" count="19" type="stmt"/>
        <line num="21" count="0" type="stmt"/>
        <line num="25" count="19" type="cond" truecount="1" falsecount="1"/>
        <line num="26" count="19" type="cond" truecount="5" falsecount="1"/>
        <line num="28" count="0" type="stmt"/>
        <line num="30" count="19" type="stmt"/>
        <line num="35" count="0" type="stmt"/>
        <line num="39" count="0" type="cond" truecount="0" falsecount="2"/>
        <line num="40" count="0" type="stmt"/>
        <line num="44" count="0" type="cond" truecount="0" falsecount="6"/>
        <line num="46" count="0" type="stmt"/>
        <line num="48" count="0" type="stmt"/>
        <line num="53" count="57" type="stmt"/>
        <line num="59" count="1" type="stmt"/>
      </file>
    </package>
    <package name="trabajoFinal.__fixtures__">
      <metrics statements="52" coveredstatements="52" conditionals="0" coveredconditionals="0" methods="0" coveredmethods="0"/>
      <file name="articulosFixture.js" path="C:\proyectos\trabajoFinal\__fixtures__\articulosFixture.js">
        <metrics statements="11" coveredstatements="11" conditionals="0" coveredconditionals="0" methods="0" coveredmethods="0"/>
        <line num="1" count="1" type="stmt"/>
        <line num="2" count="1" type="stmt"/>
        <line num="3" count="1" type="stmt"/>
        <line num="6" count="1" type="stmt"/>
        <line num="12" count="1" type="stmt"/>
        <line num="18" count="1" type="stmt"/>
        <line num="25" count="1" type="stmt"/>
        <line num="31" count="1" type="stmt"/>
        <line num="37" count="1" type="stmt"/>
        <line num="43" count="1" type="stmt"/>
        <line num="51" count="1" type="stmt"/>
      </file>
      <file name="conferenciasFixture.js" path="C:\proyectos\trabajoFinal\__fixtures__\conferenciasFixture.js">
        <metrics statements="8" coveredstatements="8" conditionals="0" coveredconditionals="0" methods="0" coveredmethods="0"/>
        <line num="1" count="1" type="stmt"/>
        <line num="3" count="1" type="stmt"/>
        <line num="9" count="1" type="stmt"/>
        <line num="15" count="1" type="stmt"/>
        <line num="16" count="1" type="stmt"/>
        <line num="17" count="1" type="stmt"/>
        <line num="19" count="1" type="stmt"/>
        <line num="21" count="1" type="stmt"/>
      </file>
      <file name="sesionesFixture.js" path="C:\proyectos\trabajoFinal\__fixtures__\sesionesFixture.js">
        <metrics statements="7" coveredstatements="7" conditionals="0" coveredconditionals="0" methods="0" coveredmethods="0"/>
        <line num="1" count="1" type="stmt"/>
        <line num="3" count="1" type="stmt"/>
        <line num="4" count="1" type="stmt"/>
        <line num="5" count="1" type="stmt"/>
        <line num="6" count="1" type="stmt"/>
        <line num="7" count="1" type="stmt"/>
        <line num="9" count="1" type="stmt"/>
      </file>
      <file name="usuariosFixture.js" path="C:\proyectos\trabajoFinal\__fixtures__\usuariosFixture.js">
        <metrics statements="26" coveredstatements="26" conditionals="0" coveredconditionals="0" methods="0" coveredmethods="0"/>
        <line num="1" count="1" type="stmt"/>
        <line num="2" count="1" type="stmt"/>
        <line num="3" count="1" type="stmt"/>
        <line num="4" count="1" type="stmt"/>
        <line num="5" count="1" type="stmt"/>
        <line num="7" count="1" type="stmt"/>
        <line num="8" count="1" type="stmt"/>
        <line num="9" count="1" type="stmt"/>
        <line num="10" count="1" type="stmt"/>
        <line num="12" count="1" type="stmt"/>
        <line num="13" count="1" type="stmt"/>
        <line num="15" count="1" type="stmt"/>
        <line num="16" count="1" type="stmt"/>
        <line num="17" count="1" type="stmt"/>
        <line num="18" count="1" type="stmt"/>
        <line num="19" count="1" type="stmt"/>
        <line num="20" count="1" type="stmt"/>
        <line num="21" count="1" type="stmt"/>
        <line num="22" count="1" type="stmt"/>
        <line num="23" count="1" type="stmt"/>
        <line num="24" count="1" type="stmt"/>
        <line num="25" count="1" type="stmt"/>
        <line num="26" count="1" type="stmt"/>
        <line num="27" count="1" type="stmt"/>
        <line num="29" count="1" type="stmt"/>
        <line num="33" count="1" type="stmt"/>
      </file>
    </package>
  </project>
</coverage>
