{"C:\\proyectos\\trabajoFinal\\Articulo\\Articulo.js": {"path":"C:\\proyectos\\trabajoFinal\\Articulo\\Articulo.js","statementMap":{"0":{"start":{"line":3,"column":8},"end":{"line":5,"column":9}},"1":{"start":{"line":4,"column":12},"end":{"line":4,"column":74}},"2":{"start":{"line":7,"column":8},"end":{"line":9,"column":9}},"3":{"start":{"line":8,"column":12},"end":{"line":8,"column":86}},"4":{"start":{"line":10,"column":8},"end":{"line":10,"column":46}},"5":{"start":{"line":12,"column":8},"end":{"line":17,"column":9}},"6":{"start":{"line":13,"column":12},"end":{"line":13,"column":36}},"7":{"start":{"line":14,"column":12},"end":{"line":14,"column":50}},"8":{"start":{"line":16,"column":12},"end":{"line":16,"column":85}},"9":{"start":{"line":19,"column":8},"end":{"line":21,"column":9}},"10":{"start":{"line":20,"column":12},"end":{"line":20,"column":80}},"11":{"start":{"line":22,"column":8},"end":{"line":22,"column":48}},"12":{"start":{"line":24,"column":8},"end":{"line":26,"column":9}},"13":{"start":{"line":25,"column":12},"end":{"line":25,"column":90}},"14":{"start":{"line":28,"column":8},"end":{"line":30,"column":9}},"15":{"start":{"line":28,"column":46},"end":{"line":28,"column":77}},"16":{"start":{"line":29,"column":12},"end":{"line":29,"column":125}},"17":{"start":{"line":32,"column":8},"end":{"line":32,"column":52}},"18":{"start":{"line":34,"column":8},"end":{"line":34,"column":34}},"19":{"start":{"line":35,"column":8},"end":{"line":35,"column":43}},"20":{"start":{"line":36,"column":8},"end":{"line":36,"column":38}},"21":{"start":{"line":41,"column":8},"end":{"line":43,"column":9}},"22":{"start":{"line":42,"column":12},"end":{"line":42,"column":92}},"23":{"start":{"line":44,"column":8},"end":{"line":44,"column":42}},"24":{"start":{"line":48,"column":8},"end":{"line":50,"column":11}},"25":{"start":{"line":49,"column":12},"end":{"line":49,"column":42}},"26":{"start":{"line":54,"column":8},"end":{"line":54,"column":53}},"27":{"start":{"line":58,"column":8},"end":{"line":58,"column":38}},"28":{"start":{"line":62,"column":8},"end":{"line":66,"column":9}},"29":{"start":{"line":63,"column":12},"end":{"line":63,"column":51}},"30":{"start":{"line":65,"column":12},"end":{"line":65,"column":87}},"31":{"start":{"line":70,"column":8},"end":{"line":70,"column":40}},"32":{"start":{"line":74,"column":8},"end":{"line":76,"column":9}},"33":{"start":{"line":75,"column":10},"end":{"line":75,"column":70}},"34":{"start":{"line":77,"column":8},"end":{"line":77,"column":39}},"35":{"start":{"line":78,"column":8},"end":{"line":78,"column":32}},"36":{"start":{"line":126,"column":0},"end":{"line":126,"column":26}}},"fnMap":{"0":{"name":"(anonymous_0)","decl":{"start":{"line":2,"column":4},"end":{"line":2,"column":5}},"loc":{"start":{"line":2,"column":83},"end":{"line":37,"column":5}},"line":2},"1":{"name":"(anonymous_1)","decl":{"start":{"line":28,"column":37},"end":{"line":28,"column":38}},"loc":{"start":{"line":28,"column":46},"end":{"line":28,"column":77}},"line":28},"2":{"name":"(anonymous_2)","decl":{"start":{"line":40,"column":4},"end":{"line":40,"column":5}},"loc":{"start":{"line":40,"column":38},"end":{"line":45,"column":5}},"line":40},"3":{"name":"(anonymous_3)","decl":{"start":{"line":47,"column":4},"end":{"line":47,"column":5}},"loc":{"start":{"line":47,"column":18},"end":{"line":51,"column":5}},"line":47},"4":{"name":"(anonymous_4)","decl":{"start":{"line":48,"column":40},"end":{"line":48,"column":41}},"loc":{"start":{"line":48,"column":49},"end":{"line":50,"column":9}},"line":48},"5":{"name":"(anonymous_5)","decl":{"start":{"line":53,"column":4},"end":{"line":53,"column":5}},"loc":{"start":{"line":53,"column":39},"end":{"line":55,"column":5}},"line":53},"6":{"name":"(anonymous_6)","decl":{"start":{"line":57,"column":4},"end":{"line":57,"column":5}},"loc":{"start":{"line":57,"column":26},"end":{"line":59,"column":5}},"line":57},"7":{"name":"(anonymous_7)","decl":{"start":{"line":61,"column":4},"end":{"line":61,"column":5}},"loc":{"start":{"line":61,"column":36},"end":{"line":67,"column":5}},"line":61},"8":{"name":"(anonymous_8)","decl":{"start":{"line":69,"column":4},"end":{"line":69,"column":5}},"loc":{"start":{"line":69,"column":29},"end":{"line":71,"column":5}},"line":69},"9":{"name":"(anonymous_9)","decl":{"start":{"line":73,"column":4},"end":{"line":73,"column":5}},"loc":{"start":{"line":73,"column":26},"end":{"line":79,"column":5}},"line":73}},"branchMap":{"0":{"loc":{"start":{"line":3,"column":8},"end":{"line":5,"column":9}},"type":"if","locations":[{"start":{"line":3,"column":8},"end":{"line":5,"column":9}},{"start":{},"end":{}}],"line":3},"1":{"loc":{"start":{"line":7,"column":8},"end":{"line":9,"column":9}},"type":"if","locations":[{"start":{"line":7,"column":8},"end":{"line":9,"column":9}},{"start":{},"end":{}}],"line":7},"2":{"loc":{"start":{"line":7,"column":12},"end":{"line":7,"column":97}},"type":"binary-expr","locations":[{"start":{"line":7,"column":12},"end":{"line":7,"column":27}},{"start":{"line":7,"column":31},"end":{"line":7,"column":65}},{"start":{"line":7,"column":69},"end":{"line":7,"column":97}}],"line":7},"3":{"loc":{"start":{"line":19,"column":8},"end":{"line":21,"column":9}},"type":"if","locations":[{"start":{"line":19,"column":8},"end":{"line":21,"column":9}},{"start":{},"end":{}}],"line":19},"4":{"loc":{"start":{"line":19,"column":12},"end":{"line":19,"column":106}},"type":"binary-expr","locations":[{"start":{"line":19,"column":12},"end":{"line":19,"column":43}},{"start":{"line":19,"column":47},"end":{"line":19,"column":75}},{"start":{"line":19,"column":79},"end":{"line":19,"column":106}}],"line":19},"5":{"loc":{"start":{"line":24,"column":8},"end":{"line":26,"column":9}},"type":"if","locations":[{"start":{"line":24,"column":8},"end":{"line":26,"column":9}},{"start":{},"end":{}}],"line":24},"6":{"loc":{"start":{"line":28,"column":8},"end":{"line":30,"column":9}},"type":"if","locations":[{"start":{"line":28,"column":8},"end":{"line":30,"column":9}},{"start":{},"end":{}}],"line":28},"7":{"loc":{"start":{"line":41,"column":8},"end":{"line":43,"column":9}},"type":"if","locations":[{"start":{"line":41,"column":8},"end":{"line":43,"column":9}},{"start":{},"end":{}}],"line":41},"8":{"loc":{"start":{"line":62,"column":8},"end":{"line":66,"column":9}},"type":"if","locations":[{"start":{"line":62,"column":8},"end":{"line":66,"column":9}},{"start":{"line":64,"column":15},"end":{"line":66,"column":9}}],"line":62},"9":{"loc":{"start":{"line":62,"column":12},"end":{"line":62,"column":94}},"type":"binary-expr","locations":[{"start":{"line":62,"column":12},"end":{"line":62,"column":47}},{"start":{"line":62,"column":51},"end":{"line":62,"column":94}}],"line":62},"10":{"loc":{"start":{"line":74,"column":8},"end":{"line":76,"column":9}},"type":"if","locations":[{"start":{"line":74,"column":8},"end":{"line":76,"column":9}},{"start":{},"end":{}}],"line":74}},"s":{"0":13,"1":0,"2":13,"3":2,"4":11,"5":11,"6":11,"7":9,"8":2,"9":9,"10":2,"11":7,"12":7,"13":0,"14":7,"15":8,"16":0,"17":7,"18":7,"19":7,"20":7,"21":8,"22":2,"23":6,"24":0,"25":0,"26":0,"27":0,"28":0,"29":0,"30":0,"31":0,"32":0,"33":0,"34":0,"35":0,"36":1},"f":{"0":13,"1":8,"2":8,"3":0,"4":0,"5":0,"6":0,"7":0,"8":0,"9":0},"b":{"0":[0,13],"1":[2,11],"2":[13,11,11],"3":[2,7],"4":[9,9,7],"5":[0,7],"6":[0,7],"7":[2,6],"8":[0,0],"9":[0,0],"10":[0,0]},"_coverageSchema":"1a1c01bbd47fc00a2c39e90264f33305004495a9","hash":"4df02437ef3b47a7ebf543c7ceb12fa54f8022ba"}
,"C:\\proyectos\\trabajoFinal\\Articulo\\ArticuloPoster.js": {"path":"C:\\proyectos\\trabajoFinal\\Articulo\\ArticuloPoster.js","statementMap":{"0":{"start":{"line":1,"column":17},"end":{"line":1,"column":38}},"1":{"start":{"line":5,"column":8},"end":{"line":5,"column":82}},"2":{"start":{"line":7,"column":8},"end":{"line":12,"column":9}},"3":{"start":{"line":8,"column":12},"end":{"line":8,"column":36}},"4":{"start":{"line":9,"column":12},"end":{"line":9,"column":50}},"5":{"start":{"line":11,"column":12},"end":{"line":11,"column":84}},"6":{"start":{"line":14,"column":8},"end":{"line":14,"column":43}},"7":{"start":{"line":18,"column":8},"end":{"line":20,"column":11}},"8":{"start":{"line":19,"column":12},"end":{"line":19,"column":43}},"9":{"start":{"line":27,"column":0},"end":{"line":27,"column":32}}},"fnMap":{"0":{"name":"(anonymous_0)","decl":{"start":{"line":4,"column":4},"end":{"line":4,"column":5}},"loc":{"start":{"line":4,"column":99},"end":{"line":15,"column":5}},"line":4},"1":{"name":"(anonymous_1)","decl":{"start":{"line":17,"column":4},"end":{"line":17,"column":5}},"loc":{"start":{"line":17,"column":21},"end":{"line":21,"column":5}},"line":17},"2":{"name":"(anonymous_2)","decl":{"start":{"line":18,"column":40},"end":{"line":18,"column":41}},"loc":{"start":{"line":18,"column":49},"end":{"line":20,"column":9}},"line":18}},"branchMap":{},"s":{"0":1,"1":6,"2":3,"3":3,"4":2,"5":1,"6":2,"7":0,"8":0,"9":1},"f":{"0":6,"1":0,"2":0},"b":{},"_coverageSchema":"1a1c01bbd47fc00a2c39e90264f33305004495a9","hash":"a5b60eca60a904dafd5bfeabd7b8b53e1eedbbf8"}
,"C:\\proyectos\\trabajoFinal\\Articulo\\ArticuloRegular.js": {"path":"C:\\proyectos\\trabajoFinal\\Articulo\\ArticuloRegular.js","statementMap":{"0":{"start":{"line":1,"column":17},"end":{"line":1,"column":38}},"1":{"start":{"line":5,"column":8},"end":{"line":5,"column":82}},"2":{"start":{"line":7,"column":8},"end":{"line":7,"column":44}},"3":{"start":{"line":9,"column":8},"end":{"line":11,"column":9}},"4":{"start":{"line":10,"column":12},"end":{"line":10,"column":75}},"5":{"start":{"line":12,"column":8},"end":{"line":14,"column":9}},"6":{"start":{"line":13,"column":12},"end":{"line":13,"column":88}},"7":{"start":{"line":15,"column":8},"end":{"line":15,"column":34}},"8":{"start":{"line":19,"column":8},"end":{"line":21,"column":11}},"9":{"start":{"line":20,"column":12},"end":{"line":20,"column":43}},"10":{"start":{"line":29,"column":0},"end":{"line":29,"column":33}}},"fnMap":{"0":{"name":"(anonymous_0)","decl":{"start":{"line":4,"column":4},"end":{"line":4,"column":5}},"loc":{"start":{"line":4,"column":93},"end":{"line":16,"column":5}},"line":4},"1":{"name":"(anonymous_1)","decl":{"start":{"line":18,"column":4},"end":{"line":18,"column":5}},"loc":{"start":{"line":18,"column":21},"end":{"line":22,"column":5}},"line":18},"2":{"name":"(anonymous_2)","decl":{"start":{"line":19,"column":40},"end":{"line":19,"column":41}},"loc":{"start":{"line":19,"column":49},"end":{"line":21,"column":9}},"line":19}},"branchMap":{"0":{"loc":{"start":{"line":9,"column":8},"end":{"line":11,"column":9}},"type":"if","locations":[{"start":{"line":9,"column":8},"end":{"line":11,"column":9}},{"start":{},"end":{}}],"line":9},"1":{"loc":{"start":{"line":9,"column":12},"end":{"line":9,"column":79}},"type":"binary-expr","locations":[{"start":{"line":9,"column":12},"end":{"line":9,"column":21}},{"start":{"line":9,"column":25},"end":{"line":9,"column":53}},{"start":{"line":9,"column":57},"end":{"line":9,"column":79}}],"line":9},"2":{"loc":{"start":{"line":12,"column":8},"end":{"line":14,"column":9}},"type":"if","locations":[{"start":{"line":12,"column":8},"end":{"line":14,"column":9}},{"start":{},"end":{}}],"line":12}},"s":{"0":1,"1":7,"2":4,"3":4,"4":2,"5":2,"6":1,"7":1,"8":0,"9":0,"10":1},"f":{"0":7,"1":0,"2":0},"b":{"0":[2,2],"1":[4,2,2],"2":[1,1]},"_coverageSchema":"1a1c01bbd47fc00a2c39e90264f33305004495a9","hash":"7792b3c671b160a0dafccb71b78ea10f1c3a7fca"}
,"C:\\proyectos\\trabajoFinal\\Usuario\\Autor.js": {"path":"C:\\proyectos\\trabajoFinal\\Usuario\\Autor.js","statementMap":{"0":{"start":{"line":1,"column":16},"end":{"line":1,"column":36}},"1":{"start":{"line":5,"column":8},"end":{"line":5,"column":61}},"2":{"start":{"line":6,"column":8},"end":{"line":6,"column":33}},"3":{"start":{"line":13,"column":8},"end":{"line":13,"column":35}},"4":{"start":{"line":18,"column":8},"end":{"line":20,"column":9}},"5":{"start":{"line":19,"column":12},"end":{"line":19,"column":68}},"6":{"start":{"line":23,"column":8},"end":{"line":26,"column":9}},"7":{"start":{"line":25,"column":12},"end":{"line":25,"column":87}},"8":{"start":{"line":27,"column":8},"end":{"line":27,"column":34}},"9":{"start":{"line":32,"column":8},"end":{"line":32,"column":41}},"10":{"start":{"line":37,"column":8},"end":{"line":37,"column":72}},"11":{"start":{"line":69,"column":0},"end":{"line":69,"column":23}}},"fnMap":{"0":{"name":"(anonymous_0)","decl":{"start":{"line":4,"column":4},"end":{"line":4,"column":5}},"loc":{"start":{"line":4,"column":63},"end":{"line":10,"column":5}},"line":4},"1":{"name":"(anonymous_1)","decl":{"start":{"line":12,"column":4},"end":{"line":12,"column":5}},"loc":{"start":{"line":12,"column":20},"end":{"line":14,"column":5}},"line":12},"2":{"name":"(anonymous_2)","decl":{"start":{"line":17,"column":4},"end":{"line":17,"column":5}},"loc":{"start":{"line":17,"column":35},"end":{"line":28,"column":5}},"line":17},"3":{"name":"(anonymous_3)","decl":{"start":{"line":31,"column":4},"end":{"line":31,"column":5}},"loc":{"start":{"line":31,"column":37},"end":{"line":33,"column":5}},"line":31},"4":{"name":"(anonymous_4)","decl":{"start":{"line":36,"column":4},"end":{"line":36,"column":5}},"loc":{"start":{"line":36,"column":28},"end":{"line":38,"column":5}},"line":36}},"branchMap":{"0":{"loc":{"start":{"line":18,"column":8},"end":{"line":20,"column":9}},"type":"if","locations":[{"start":{"line":18,"column":8},"end":{"line":20,"column":9}},{"start":{},"end":{}}],"line":18},"1":{"loc":{"start":{"line":23,"column":8},"end":{"line":26,"column":9}},"type":"if","locations":[{"start":{"line":23,"column":8},"end":{"line":26,"column":9}},{"start":{},"end":{}}],"line":23},"2":{"loc":{"start":{"line":23,"column":12},"end":{"line":24,"column":72}},"type":"binary-expr","locations":[{"start":{"line":23,"column":13},"end":{"line":23,"column":36}},{"start":{"line":23,"column":40},"end":{"line":23,"column":71}},{"start":{"line":24,"column":13},"end":{"line":24,"column":38}},{"start":{"line":24,"column":42},"end":{"line":24,"column":71}}],"line":23}},"s":{"0":1,"1":4,"2":4,"3":0,"4":0,"5":0,"6":0,"7":0,"8":0,"9":0,"10":0,"11":1},"f":{"0":4,"1":0,"2":0,"3":0,"4":0},"b":{"0":[0,0],"1":[0,0],"2":[0,0,0,0]},"_coverageSchema":"1a1c01bbd47fc00a2c39e90264f33305004495a9","hash":"94f1192c612519308741779308e8e9123fc98050"}
,"C:\\proyectos\\trabajoFinal\\Usuario\\Chair.js": {"path":"C:\\proyectos\\trabajoFinal\\Usuario\\Chair.js","statementMap":{"0":{"start":{"line":1,"column":16},"end":{"line":1,"column":36}},"1":{"start":{"line":5,"column":8},"end":{"line":5,"column":61}},"2":{"start":{"line":6,"column":8},"end":{"line":6,"column":33}},"3":{"start":{"line":10,"column":8},"end":{"line":10,"column":35}},"4":{"start":{"line":14,"column":8},"end":{"line":16,"column":9}},"5":{"start":{"line":15,"column":12},"end":{"line":15,"column":68}},"6":{"start":{"line":19,"column":8},"end":{"line":22,"column":9}},"7":{"start":{"line":21,"column":12},"end":{"line":21,"column":87}},"8":{"start":{"line":23,"column":8},"end":{"line":23,"column":34}},"9":{"start":{"line":143,"column":0},"end":{"line":143,"column":23}}},"fnMap":{"0":{"name":"(anonymous_0)","decl":{"start":{"line":4,"column":4},"end":{"line":4,"column":5}},"loc":{"start":{"line":4,"column":63},"end":{"line":7,"column":5}},"line":4},"1":{"name":"(anonymous_1)","decl":{"start":{"line":9,"column":4},"end":{"line":9,"column":5}},"loc":{"start":{"line":9,"column":20},"end":{"line":11,"column":5}},"line":9},"2":{"name":"(anonymous_2)","decl":{"start":{"line":13,"column":4},"end":{"line":13,"column":5}},"loc":{"start":{"line":13,"column":35},"end":{"line":24,"column":5}},"line":13}},"branchMap":{"0":{"loc":{"start":{"line":14,"column":8},"end":{"line":16,"column":9}},"type":"if","locations":[{"start":{"line":14,"column":8},"end":{"line":16,"column":9}},{"start":{},"end":{}}],"line":14},"1":{"loc":{"start":{"line":19,"column":8},"end":{"line":22,"column":9}},"type":"if","locations":[{"start":{"line":19,"column":8},"end":{"line":22,"column":9}},{"start":{},"end":{}}],"line":19},"2":{"loc":{"start":{"line":19,"column":12},"end":{"line":20,"column":72}},"type":"binary-expr","locations":[{"start":{"line":19,"column":13},"end":{"line":19,"column":36}},{"start":{"line":19,"column":40},"end":{"line":19,"column":71}},{"start":{"line":20,"column":13},"end":{"line":20,"column":38}},{"start":{"line":20,"column":42},"end":{"line":20,"column":71}}],"line":19}},"s":{"0":1,"1":2,"2":2,"3":0,"4":0,"5":0,"6":0,"7":0,"8":0,"9":1},"f":{"0":2,"1":0,"2":0},"b":{"0":[0,0],"1":[0,0],"2":[0,0,0,0]},"_coverageSchema":"1a1c01bbd47fc00a2c39e90264f33305004495a9","hash":"dc9ba1421675e24ecd74ef1d7889e1bbd19bb85d"}
,"C:\\proyectos\\trabajoFinal\\Usuario\\Revisor.js": {"path":"C:\\proyectos\\trabajoFinal\\Usuario\\Revisor.js","statementMap":{"0":{"start":{"line":1,"column":16},"end":{"line":1,"column":36}},"1":{"start":{"line":5,"column":8},"end":{"line":5,"column":61}},"2":{"start":{"line":6,"column":8},"end":{"line":6,"column":35}},"3":{"start":{"line":11,"column":8},"end":{"line":11,"column":35}},"4":{"start":{"line":15,"column":8},"end":{"line":17,"column":9}},"5":{"start":{"line":16,"column":12},"end":{"line":16,"column":68}},"6":{"start":{"line":20,"column":8},"end":{"line":23,"column":9}},"7":{"start":{"line":22,"column":12},"end":{"line":22,"column":87}},"8":{"start":{"line":24,"column":8},"end":{"line":24,"column":34}},"9":{"start":{"line":127,"column":0},"end":{"line":127,"column":25}}},"fnMap":{"0":{"name":"(anonymous_0)","decl":{"start":{"line":4,"column":4},"end":{"line":4,"column":5}},"loc":{"start":{"line":4,"column":63},"end":{"line":8,"column":5}},"line":4},"1":{"name":"(anonymous_1)","decl":{"start":{"line":10,"column":4},"end":{"line":10,"column":5}},"loc":{"start":{"line":10,"column":20},"end":{"line":12,"column":5}},"line":10},"2":{"name":"(anonymous_2)","decl":{"start":{"line":14,"column":4},"end":{"line":14,"column":5}},"loc":{"start":{"line":14,"column":35},"end":{"line":25,"column":5}},"line":14}},"branchMap":{"0":{"loc":{"start":{"line":15,"column":8},"end":{"line":17,"column":9}},"type":"if","locations":[{"start":{"line":15,"column":8},"end":{"line":17,"column":9}},{"start":{},"end":{}}],"line":15},"1":{"loc":{"start":{"line":20,"column":8},"end":{"line":23,"column":9}},"type":"if","locations":[{"start":{"line":20,"column":8},"end":{"line":23,"column":9}},{"start":{},"end":{}}],"line":20},"2":{"loc":{"start":{"line":20,"column":12},"end":{"line":21,"column":72}},"type":"binary-expr","locations":[{"start":{"line":20,"column":13},"end":{"line":20,"column":36}},{"start":{"line":20,"column":40},"end":{"line":20,"column":71}},{"start":{"line":21,"column":13},"end":{"line":21,"column":38}},{"start":{"line":21,"column":42},"end":{"line":21,"column":71}}],"line":20}},"s":{"0":1,"1":13,"2":13,"3":0,"4":0,"5":0,"6":0,"7":0,"8":0,"9":1},"f":{"0":13,"1":0,"2":0},"b":{"0":[0,0],"1":[0,0],"2":[0,0,0,0]},"_coverageSchema":"1a1c01bbd47fc00a2c39e90264f33305004495a9","hash":"39d2c47962716d6ac2829c7d6ec3d57c7daca181"}
,"C:\\proyectos\\trabajoFinal\\Usuario\\Usuario.js": {"path":"C:\\proyectos\\trabajoFinal\\Usuario\\Usuario.js","statementMap":{"0":{"start":{"line":3,"column":33},"end":{"line":3,"column":35}},"1":{"start":{"line":6,"column":8},"end":{"line":8,"column":9}},"2":{"start":{"line":7,"column":12},"end":{"line":7,"column":74}},"3":{"start":{"line":9,"column":8},"end":{"line":9,"column":44}},"4":{"start":{"line":10,"column":8},"end":{"line":10,"column":38}},"5":{"start":{"line":11,"column":8},"end":{"line":11,"column":28}},"6":{"start":{"line":12,"column":8},"end":{"line":12,"column":40}},"7":{"start":{"line":13,"column":8},"end":{"line":13,"column":28}},"8":{"start":{"line":14,"column":8},"end":{"line":14,"column":26}},"9":{"start":{"line":17,"column":8},"end":{"line":17,"column":47}},"10":{"start":{"line":21,"column":8},"end":{"line":21,"column":35}},"11":{"start":{"line":25,"column":8},"end":{"line":31,"column":9}},"12":{"start":{"line":26,"column":12},"end":{"line":29,"column":13}},"13":{"start":{"line":28,"column":16},"end":{"line":28,"column":92}},"14":{"start":{"line":30,"column":12},"end":{"line":30,"column":34}},"15":{"start":{"line":35,"column":8},"end":{"line":35,"column":91}},"16":{"start":{"line":35,"column":61},"end":{"line":35,"column":89}},"17":{"start":{"line":39,"column":8},"end":{"line":41,"column":9}},"18":{"start":{"line":40,"column":12},"end":{"line":40,"column":68}},"19":{"start":{"line":44,"column":8},"end":{"line":47,"column":9}},"20":{"start":{"line":46,"column":12},"end":{"line":46,"column":87}},"21":{"start":{"line":48,"column":8},"end":{"line":48,"column":34}},"22":{"start":{"line":53,"column":8},"end":{"line":56,"column":12}},"23":{"start":{"line":53,"column":59},"end":{"line":56,"column":9}},"24":{"start":{"line":59,"column":0},"end":{"line":59,"column":25}}},"fnMap":{"0":{"name":"(anonymous_0)","decl":{"start":{"line":5,"column":4},"end":{"line":5,"column":5}},"loc":{"start":{"line":5,"column":63},"end":{"line":18,"column":5}},"line":5},"1":{"name":"(anonymous_1)","decl":{"start":{"line":20,"column":4},"end":{"line":20,"column":5}},"loc":{"start":{"line":20,"column":20},"end":{"line":22,"column":5}},"line":20},"2":{"name":"(anonymous_2)","decl":{"start":{"line":24,"column":4},"end":{"line":24,"column":5}},"loc":{"start":{"line":24,"column":19},"end":{"line":32,"column":5}},"line":24},"3":{"name":"(anonymous_3)","decl":{"start":{"line":34,"column":4},"end":{"line":34,"column":5}},"loc":{"start":{"line":34,"column":37},"end":{"line":36,"column":5}},"line":34},"4":{"name":"(anonymous_4)","decl":{"start":{"line":35,"column":50},"end":{"line":35,"column":51}},"loc":{"start":{"line":35,"column":61},"end":{"line":35,"column":89}},"line":35},"5":{"name":"(anonymous_5)","decl":{"start":{"line":38,"column":4},"end":{"line":38,"column":5}},"loc":{"start":{"line":38,"column":35},"end":{"line":49,"column":5}},"line":38},"6":{"name":"(anonymous_6)","decl":{"start":{"line":52,"column":4},"end":{"line":52,"column":5}},"loc":{"start":{"line":52,"column":36},"end":{"line":57,"column":5}},"line":52},"7":{"name":"(anonymous_7)","decl":{"start":{"line":53,"column":47},"end":{"line":53,"column":48}},"loc":{"start":{"line":53,"column":59},"end":{"line":56,"column":9}},"line":53}},"branchMap":{"0":{"loc":{"start":{"line":6,"column":8},"end":{"line":8,"column":9}},"type":"if","locations":[{"start":{"line":6,"column":8},"end":{"line":8,"column":9}},{"start":{},"end":{}}],"line":6},"1":{"loc":{"start":{"line":25,"column":8},"end":{"line":31,"column":9}},"type":"if","locations":[{"start":{"line":25,"column":8},"end":{"line":31,"column":9}},{"start":{},"end":{}}],"line":25},"2":{"loc":{"start":{"line":26,"column":12},"end":{"line":29,"column":13}},"type":"if","locations":[{"start":{"line":26,"column":12},"end":{"line":29,"column":13}},{"start":{},"end":{}}],"line":26},"3":{"loc":{"start":{"line":26,"column":16},"end":{"line":27,"column":68}},"type":"binary-expr","locations":[{"start":{"line":26,"column":17},"end":{"line":26,"column":32}},{"start":{"line":26,"column":36},"end":{"line":26,"column":67}},{"start":{"line":27,"column":17},"end":{"line":27,"column":34}},{"start":{"line":27,"column":38},"end":{"line":27,"column":67}}],"line":26},"4":{"loc":{"start":{"line":39,"column":8},"end":{"line":41,"column":9}},"type":"if","locations":[{"start":{"line":39,"column":8},"end":{"line":41,"column":9}},{"start":{},"end":{}}],"line":39},"5":{"loc":{"start":{"line":44,"column":8},"end":{"line":47,"column":9}},"type":"if","locations":[{"start":{"line":44,"column":8},"end":{"line":47,"column":9}},{"start":{},"end":{}}],"line":44},"6":{"loc":{"start":{"line":44,"column":12},"end":{"line":45,"column":72}},"type":"binary-expr","locations":[{"start":{"line":44,"column":13},"end":{"line":44,"column":36}},{"start":{"line":44,"column":40},"end":{"line":44,"column":71}},{"start":{"line":45,"column":13},"end":{"line":45,"column":38}},{"start":{"line":45,"column":42},"end":{"line":45,"column":71}}],"line":44}},"s":{"0":1,"1":19,"2":0,"3":19,"4":19,"5":19,"6":19,"7":19,"8":19,"9":19,"10":0,"11":19,"12":19,"13":0,"14":19,"15":0,"16":0,"17":0,"18":0,"19":0,"20":0,"21":0,"22":0,"23":0,"24":1},"f":{"0":19,"1":0,"2":19,"3":0,"4":0,"5":0,"6":0,"7":0},"b":{"0":[0,19],"1":[19,0],"2":[0,19],"3":[19,2,19,13],"4":[0,0],"5":[0,0],"6":[0,0,0,0]},"_coverageSchema":"1a1c01bbd47fc00a2c39e90264f33305004495a9","hash":"0075e368afe559011b164e476f285835e0457b16"}
,"C:\\proyectos\\trabajoFinal\\__fixtures__\\articulosFixture.js": {"path":"C:\\proyectos\\trabajoFinal\\__fixtures__\\articulosFixture.js","statementMap":{"0":{"start":{"line":1,"column":26},"end":{"line":1,"column":68}},"1":{"start":{"line":2,"column":24},"end":{"line":2,"column":62}},"2":{"start":{"line":3,"column":23},"end":{"line":3,"column":60}},"3":{"start":{"line":6,"column":24},"end":{"line":10,"column":1}},"4":{"start":{"line":13,"column":23},"end":{"line":17,"column":1}},"5":{"start":{"line":19,"column":34},"end":{"line":23,"column":1}},"6":{"start":{"line":25,"column":0},"end":{"line":25,"column":80}}},"fnMap":{},"branchMap":{},"s":{"0":1,"1":1,"2":1,"3":1,"4":1,"5":1,"6":1},"f":{},"b":{},"_coverageSchema":"1a1c01bbd47fc00a2c39e90264f33305004495a9","hash":"b6b5c3aa457329413e9101819fe1895aa8dab958"}
,"C:\\proyectos\\trabajoFinal\\__fixtures__\\usuariosFixture.js": {"path":"C:\\proyectos\\trabajoFinal\\__fixtures__\\usuariosFixture.js","statementMap":{"0":{"start":{"line":1,"column":16},"end":{"line":1,"column":45}},"1":{"start":{"line":2,"column":14},"end":{"line":2,"column":41}},"2":{"start":{"line":3,"column":14},"end":{"line":3,"column":41}},"3":{"start":{"line":4,"column":16},"end":{"line":4,"column":45}},"4":{"start":{"line":5,"column":0},"end":{"line":5,"column":33}},"5":{"start":{"line":7,"column":14},"end":{"line":7,"column":87}},"6":{"start":{"line":8,"column":15},"end":{"line":8,"column":81}},"7":{"start":{"line":9,"column":15},"end":{"line":9,"column":86}},"8":{"start":{"line":10,"column":15},"end":{"line":10,"column":83}},"9":{"start":{"line":12,"column":14},"end":{"line":12,"column":79}},"10":{"start":{"line":13,"column":15},"end":{"line":13,"column":79}},"11":{"start":{"line":15,"column":16},"end":{"line":15,"column":87}},"12":{"start":{"line":16,"column":17},"end":{"line":16,"column":87}},"13":{"start":{"line":17,"column":17},"end":{"line":17,"column":92}},"14":{"start":{"line":18,"column":17},"end":{"line":18,"column":86}},"15":{"start":{"line":19,"column":17},"end":{"line":19,"column":89}},"16":{"start":{"line":20,"column":17},"end":{"line":20,"column":84}},"17":{"start":{"line":21,"column":17},"end":{"line":21,"column":82}},"18":{"start":{"line":22,"column":17},"end":{"line":22,"column":88}},"19":{"start":{"line":23,"column":17},"end":{"line":23,"column":90}},"20":{"start":{"line":24,"column":17},"end":{"line":24,"column":83}},"21":{"start":{"line":25,"column":18},"end":{"line":25,"column":91}},"22":{"start":{"line":26,"column":18},"end":{"line":26,"column":95}},"23":{"start":{"line":27,"column":18},"end":{"line":27,"column":90}},"24":{"start":{"line":29,"column":17},"end":{"line":31,"column":53}},"25":{"start":{"line":33,"column":0},"end":{"line":41,"column":2}}},"fnMap":{},"branchMap":{},"s":{"0":1,"1":1,"2":1,"3":1,"4":1,"5":1,"6":1,"7":1,"8":1,"9":1,"10":1,"11":1,"12":1,"13":1,"14":1,"15":1,"16":1,"17":1,"18":1,"19":1,"20":1,"21":1,"22":1,"23":1,"24":1,"25":1},"f":{},"b":{},"_coverageSchema":"1a1c01bbd47fc00a2c39e90264f33305004495a9","hash":"b86734c4356747e2182e4401c62a06021179d9ad"}
}
