{"D:\\ESPECIALIZACION\\Tecnicas y Herramientas\\Trabajos\\trabajoFinal\\Conferencia.js": {"path":"D:\\ESPECIALIZACION\\Tecnicas y Herramientas\\Trabajos\\trabajoFinal\\Conferencia.js","statementMap":{"0":{"start":{"line":1,"column":22},"end":{"line":1,"column":55}},"1":{"start":{"line":2,"column":23},"end":{"line":2,"column":57}},"2":{"start":{"line":3,"column":21},"end":{"line":3,"column":53}},"3":{"start":{"line":4,"column":16},"end":{"line":4,"column":44}},"4":{"start":{"line":8,"column":8},"end":{"line":8,"column":52}},"5":{"start":{"line":9,"column":8},"end":{"line":9,"column":40}},"6":{"start":{"line":10,"column":8},"end":{"line":10,"column":34}},"7":{"start":{"line":12,"column":8},"end":{"line":12,"column":27}},"8":{"start":{"line":14,"column":25},"end":{"line":14,"column":57}},"9":{"start":{"line":15,"column":8},"end":{"line":15,"column":90}},"10":{"start":{"line":15,"column":57},"end":{"line":15,"column":88}},"11":{"start":{"line":16,"column":8},"end":{"line":16,"column":85}},"12":{"start":{"line":16,"column":50},"end":{"line":16,"column":83}},"13":{"start":{"line":20,"column":8},"end":{"line":20,"column":39}},"14":{"start":{"line":25,"column":8},"end":{"line":37,"column":9}},"15":{"start":{"line":27,"column":12},"end":{"line":27,"column":76}},"16":{"start":{"line":28,"column":12},"end":{"line":28,"column":18}},"17":{"start":{"line":30,"column":12},"end":{"line":30,"column":77}},"18":{"start":{"line":31,"column":12},"end":{"line":31,"column":18}},"19":{"start":{"line":33,"column":12},"end":{"line":33,"column":75}},"20":{"start":{"line":34,"column":12},"end":{"line":34,"column":18}},"21":{"start":{"line":36,"column":12},"end":{"line":36,"column":56}},"22":{"start":{"line":38,"column":8},"end":{"line":38,"column":36}},"23":{"start":{"line":39,"column":8},"end":{"line":39,"column":22}},"24":{"start":{"line":43,"column":8},"end":{"line":43,"column":30}},"25":{"start":{"line":48,"column":8},"end":{"line":51,"column":10}},"26":{"start":{"line":49,"column":58},"end":{"line":49,"column":68}},"27":{"start":{"line":50,"column":44},"end":{"line":50,"column":54}},"28":{"start":{"line":54,"column":0},"end":{"line":54,"column":29}}},"fnMap":{"0":{"name":"(anonymous_0)","decl":{"start":{"line":7,"column":4},"end":{"line":7,"column":5}},"loc":{"start":{"line":7,"column":58},"end":{"line":17,"column":5}},"line":7},"1":{"name":"(anonymous_1)","decl":{"start":{"line":15,"column":46},"end":{"line":15,"column":47}},"loc":{"start":{"line":15,"column":57},"end":{"line":15,"column":88}},"line":15},"2":{"name":"(anonymous_2)","decl":{"start":{"line":16,"column":39},"end":{"line":16,"column":40}},"loc":{"start":{"line":16,"column":50},"end":{"line":16,"column":83}},"line":16},"3":{"name":"(anonymous_3)","decl":{"start":{"line":19,"column":4},"end":{"line":19,"column":5}},"loc":{"start":{"line":19,"column":24},"end":{"line":21,"column":5}},"line":19},"4":{"name":"(anonymous_4)","decl":{"start":{"line":23,"column":4},"end":{"line":23,"column":5}},"loc":{"start":{"line":23,"column":53},"end":{"line":40,"column":5}},"line":23},"5":{"name":"(anonymous_5)","decl":{"start":{"line":42,"column":4},"end":{"line":42,"column":5}},"loc":{"start":{"line":42,"column":18},"end":{"line":44,"column":5}},"line":42},"6":{"name":"(anonymous_6)","decl":{"start":{"line":47,"column":4},"end":{"line":47,"column":5}},"loc":{"start":{"line":47,"column":33},"end":{"line":52,"column":5}},"line":47},"7":{"name":"(anonymous_7)","decl":{"start":{"line":49,"column":51},"end":{"line":49,"column":52}},"loc":{"start":{"line":49,"column":58},"end":{"line":49,"column":68}},"line":49},"8":{"name":"(anonymous_8)","decl":{"start":{"line":50,"column":37},"end":{"line":50,"column":38}},"loc":{"start":{"line":50,"column":44},"end":{"line":50,"column":54}},"line":50}},"branchMap":{"0":{"loc":{"start":{"line":25,"column":8},"end":{"line":37,"column":9}},"type":"switch","locations":[{"start":{"line":26,"column":8},"end":{"line":28,"column":18}},{"start":{"line":29,"column":8},"end":{"line":31,"column":18}},{"start":{"line":32,"column":8},"end":{"line":34,"column":18}},{"start":{"line":35,"column":8},"end":{"line":36,"column":56}}],"line":25}},"s":{"0":1,"1":1,"2":1,"3":1,"4":3,"5":3,"6":3,"7":3,"8":3,"9":3,"10":57,"11":3,"12":57,"13":0,"14":5,"15":2,"16":2,"17":2,"18":2,"19":1,"20":1,"21":0,"22":5,"23":5,"24":0,"25":0,"26":0,"27":0,"28":1},"f":{"0":3,"1":57,"2":57,"3":0,"4":5,"5":0,"6":0,"7":0,"8":0},"b":{"0":[2,2,1,0]},"_coverageSchema":"1a1c01bbd47fc00a2c39e90264f33305004495a9","hash":"8a048d16b11db21ce147fdf607170821976ea41b"}
,"D:\\ESPECIALIZACION\\Tecnicas y Herramientas\\Trabajos\\trabajoFinal\\Articulo\\Articulo.js": {"path":"D:\\ESPECIALIZACION\\Tecnicas y Herramientas\\Trabajos\\trabajoFinal\\Articulo\\Articulo.js","statementMap":{"0":{"start":{"line":3,"column":8},"end":{"line":5,"column":9}},"1":{"start":{"line":4,"column":12},"end":{"line":4,"column":74}},"2":{"start":{"line":7,"column":8},"end":{"line":9,"column":9}},"3":{"start":{"line":8,"column":12},"end":{"line":8,"column":86}},"4":{"start":{"line":10,"column":8},"end":{"line":10,"column":46}},"5":{"start":{"line":12,"column":8},"end":{"line":17,"column":9}},"6":{"start":{"line":13,"column":12},"end":{"line":13,"column":36}},"7":{"start":{"line":14,"column":12},"end":{"line":14,"column":50}},"8":{"start":{"line":16,"column":12},"end":{"line":16,"column":85}},"9":{"start":{"line":19,"column":8},"end":{"line":21,"column":9}},"10":{"start":{"line":20,"column":12},"end":{"line":20,"column":80}},"11":{"start":{"line":22,"column":8},"end":{"line":22,"column":48}},"12":{"start":{"line":24,"column":8},"end":{"line":26,"column":9}},"13":{"start":{"line":25,"column":12},"end":{"line":25,"column":90}},"14":{"start":{"line":28,"column":8},"end":{"line":30,"column":9}},"15":{"start":{"line":28,"column":46},"end":{"line":28,"column":77}},"16":{"start":{"line":29,"column":12},"end":{"line":29,"column":125}},"17":{"start":{"line":32,"column":8},"end":{"line":32,"column":52}},"18":{"start":{"line":34,"column":8},"end":{"line":34,"column":34}},"19":{"start":{"line":35,"column":8},"end":{"line":35,"column":43}},"20":{"start":{"line":36,"column":8},"end":{"line":36,"column":38}},"21":{"start":{"line":41,"column":8},"end":{"line":43,"column":9}},"22":{"start":{"line":42,"column":12},"end":{"line":42,"column":92}},"23":{"start":{"line":44,"column":8},"end":{"line":44,"column":42}},"24":{"start":{"line":48,"column":8},"end":{"line":50,"column":11}},"25":{"start":{"line":49,"column":12},"end":{"line":49,"column":42}},"26":{"start":{"line":54,"column":8},"end":{"line":54,"column":53}},"27":{"start":{"line":58,"column":8},"end":{"line":58,"column":38}},"28":{"start":{"line":62,"column":8},"end":{"line":66,"column":9}},"29":{"start":{"line":63,"column":12},"end":{"line":63,"column":51}},"30":{"start":{"line":65,"column":12},"end":{"line":65,"column":87}},"31":{"start":{"line":70,"column":8},"end":{"line":70,"column":40}},"32":{"start":{"line":118,"column":0},"end":{"line":118,"column":26}}},"fnMap":{"0":{"name":"(anonymous_0)","decl":{"start":{"line":2,"column":4},"end":{"line":2,"column":5}},"loc":{"start":{"line":2,"column":83},"end":{"line":37,"column":5}},"line":2},"1":{"name":"(anonymous_1)","decl":{"start":{"line":28,"column":37},"end":{"line":28,"column":38}},"loc":{"start":{"line":28,"column":46},"end":{"line":28,"column":77}},"line":28},"2":{"name":"(anonymous_2)","decl":{"start":{"line":40,"column":4},"end":{"line":40,"column":5}},"loc":{"start":{"line":40,"column":38},"end":{"line":45,"column":5}},"line":40},"3":{"name":"(anonymous_3)","decl":{"start":{"line":47,"column":4},"end":{"line":47,"column":5}},"loc":{"start":{"line":47,"column":18},"end":{"line":51,"column":5}},"line":47},"4":{"name":"(anonymous_4)","decl":{"start":{"line":48,"column":40},"end":{"line":48,"column":41}},"loc":{"start":{"line":48,"column":49},"end":{"line":50,"column":9}},"line":48},"5":{"name":"(anonymous_5)","decl":{"start":{"line":53,"column":4},"end":{"line":53,"column":5}},"loc":{"start":{"line":53,"column":39},"end":{"line":55,"column":5}},"line":53},"6":{"name":"(anonymous_6)","decl":{"start":{"line":57,"column":4},"end":{"line":57,"column":5}},"loc":{"start":{"line":57,"column":26},"end":{"line":59,"column":5}},"line":57},"7":{"name":"(anonymous_7)","decl":{"start":{"line":61,"column":4},"end":{"line":61,"column":5}},"loc":{"start":{"line":61,"column":36},"end":{"line":67,"column":5}},"line":61},"8":{"name":"(anonymous_8)","decl":{"start":{"line":69,"column":4},"end":{"line":69,"column":5}},"loc":{"start":{"line":69,"column":29},"end":{"line":71,"column":5}},"line":69}},"branchMap":{"0":{"loc":{"start":{"line":3,"column":8},"end":{"line":5,"column":9}},"type":"if","locations":[{"start":{"line":3,"column":8},"end":{"line":5,"column":9}},{"start":{},"end":{}}],"line":3},"1":{"loc":{"start":{"line":7,"column":8},"end":{"line":9,"column":9}},"type":"if","locations":[{"start":{"line":7,"column":8},"end":{"line":9,"column":9}},{"start":{},"end":{}}],"line":7},"2":{"loc":{"start":{"line":7,"column":12},"end":{"line":7,"column":97}},"type":"binary-expr","locations":[{"start":{"line":7,"column":12},"end":{"line":7,"column":27}},{"start":{"line":7,"column":31},"end":{"line":7,"column":65}},{"start":{"line":7,"column":69},"end":{"line":7,"column":97}}],"line":7},"3":{"loc":{"start":{"line":19,"column":8},"end":{"line":21,"column":9}},"type":"if","locations":[{"start":{"line":19,"column":8},"end":{"line":21,"column":9}},{"start":{},"end":{}}],"line":19},"4":{"loc":{"start":{"line":19,"column":12},"end":{"line":19,"column":106}},"type":"binary-expr","locations":[{"start":{"line":19,"column":12},"end":{"line":19,"column":43}},{"start":{"line":19,"column":47},"end":{"line":19,"column":75}},{"start":{"line":19,"column":79},"end":{"line":19,"column":106}}],"line":19},"5":{"loc":{"start":{"line":24,"column":8},"end":{"line":26,"column":9}},"type":"if","locations":[{"start":{"line":24,"column":8},"end":{"line":26,"column":9}},{"start":{},"end":{}}],"line":24},"6":{"loc":{"start":{"line":28,"column":8},"end":{"line":30,"column":9}},"type":"if","locations":[{"start":{"line":28,"column":8},"end":{"line":30,"column":9}},{"start":{},"end":{}}],"line":28},"7":{"loc":{"start":{"line":41,"column":8},"end":{"line":43,"column":9}},"type":"if","locations":[{"start":{"line":41,"column":8},"end":{"line":43,"column":9}},{"start":{},"end":{}}],"line":41},"8":{"loc":{"start":{"line":62,"column":8},"end":{"line":66,"column":9}},"type":"if","locations":[{"start":{"line":62,"column":8},"end":{"line":66,"column":9}},{"start":{"line":64,"column":15},"end":{"line":66,"column":9}}],"line":62},"9":{"loc":{"start":{"line":62,"column":12},"end":{"line":62,"column":94}},"type":"binary-expr","locations":[{"start":{"line":62,"column":12},"end":{"line":62,"column":47}},{"start":{"line":62,"column":51},"end":{"line":62,"column":94}}],"line":62}},"s":{"0":7,"1":0,"2":7,"3":0,"4":7,"5":7,"6":7,"7":7,"8":0,"9":7,"10":0,"11":7,"12":7,"13":0,"14":7,"15":8,"16":0,"17":7,"18":7,"19":7,"20":7,"21":7,"22":0,"23":7,"24":63,"25":72,"26":252,"27":819,"28":189,"29":189,"30":0,"31":252,"32":1},"f":{"0":7,"1":8,"2":7,"3":63,"4":72,"5":252,"6":819,"7":189,"8":252},"b":{"0":[0,7],"1":[0,7],"2":[7,7,7],"3":[0,7],"4":[7,7,7],"5":[0,7],"6":[0,7],"7":[0,7],"8":[189,0],"9":[189,189]},"_coverageSchema":"1a1c01bbd47fc00a2c39e90264f33305004495a9","hash":"d0d04be09fc3250007f3991ff7e8166f71e94da3"}
,"D:\\ESPECIALIZACION\\Tecnicas y Herramientas\\Trabajos\\trabajoFinal\\Articulo\\ArticuloPoster.js": {"path":"D:\\ESPECIALIZACION\\Tecnicas y Herramientas\\Trabajos\\trabajoFinal\\Articulo\\ArticuloPoster.js","statementMap":{"0":{"start":{"line":1,"column":17},"end":{"line":1,"column":38}},"1":{"start":{"line":5,"column":8},"end":{"line":5,"column":82}},"2":{"start":{"line":7,"column":8},"end":{"line":12,"column":9}},"3":{"start":{"line":8,"column":12},"end":{"line":8,"column":36}},"4":{"start":{"line":9,"column":12},"end":{"line":9,"column":50}},"5":{"start":{"line":11,"column":12},"end":{"line":11,"column":84}},"6":{"start":{"line":14,"column":8},"end":{"line":14,"column":43}},"7":{"start":{"line":18,"column":8},"end":{"line":20,"column":11}},"8":{"start":{"line":19,"column":12},"end":{"line":19,"column":43}},"9":{"start":{"line":27,"column":0},"end":{"line":27,"column":32}}},"fnMap":{"0":{"name":"(anonymous_0)","decl":{"start":{"line":4,"column":4},"end":{"line":4,"column":5}},"loc":{"start":{"line":4,"column":99},"end":{"line":15,"column":5}},"line":4},"1":{"name":"(anonymous_1)","decl":{"start":{"line":17,"column":4},"end":{"line":17,"column":5}},"loc":{"start":{"line":17,"column":21},"end":{"line":21,"column":5}},"line":17},"2":{"name":"(anonymous_2)","decl":{"start":{"line":18,"column":40},"end":{"line":18,"column":41}},"loc":{"start":{"line":18,"column":49},"end":{"line":20,"column":9}},"line":18}},"branchMap":{},"s":{"0":1,"1":4,"2":4,"3":4,"4":4,"5":0,"6":4,"7":0,"8":0,"9":1},"f":{"0":4,"1":0,"2":0},"b":{},"_coverageSchema":"1a1c01bbd47fc00a2c39e90264f33305004495a9","hash":"48dca9cd3b854839ee8633ee1bde5d6240bc79de"}
,"D:\\ESPECIALIZACION\\Tecnicas y Herramientas\\Trabajos\\trabajoFinal\\Articulo\\ArticuloRegular.js": {"path":"D:\\ESPECIALIZACION\\Tecnicas y Herramientas\\Trabajos\\trabajoFinal\\Articulo\\ArticuloRegular.js","statementMap":{"0":{"start":{"line":1,"column":17},"end":{"line":1,"column":38}},"1":{"start":{"line":5,"column":8},"end":{"line":5,"column":82}},"2":{"start":{"line":7,"column":8},"end":{"line":7,"column":44}},"3":{"start":{"line":9,"column":8},"end":{"line":11,"column":9}},"4":{"start":{"line":10,"column":12},"end":{"line":10,"column":75}},"5":{"start":{"line":12,"column":8},"end":{"line":14,"column":9}},"6":{"start":{"line":13,"column":12},"end":{"line":13,"column":88}},"7":{"start":{"line":15,"column":8},"end":{"line":15,"column":34}},"8":{"start":{"line":19,"column":8},"end":{"line":21,"column":11}},"9":{"start":{"line":20,"column":12},"end":{"line":20,"column":43}},"10":{"start":{"line":29,"column":0},"end":{"line":29,"column":33}}},"fnMap":{"0":{"name":"(anonymous_0)","decl":{"start":{"line":4,"column":4},"end":{"line":4,"column":5}},"loc":{"start":{"line":4,"column":93},"end":{"line":16,"column":5}},"line":4},"1":{"name":"(anonymous_1)","decl":{"start":{"line":18,"column":4},"end":{"line":18,"column":5}},"loc":{"start":{"line":18,"column":21},"end":{"line":22,"column":5}},"line":18},"2":{"name":"(anonymous_2)","decl":{"start":{"line":19,"column":40},"end":{"line":19,"column":41}},"loc":{"start":{"line":19,"column":49},"end":{"line":21,"column":9}},"line":19}},"branchMap":{"0":{"loc":{"start":{"line":9,"column":8},"end":{"line":11,"column":9}},"type":"if","locations":[{"start":{"line":9,"column":8},"end":{"line":11,"column":9}},{"start":{},"end":{}}],"line":9},"1":{"loc":{"start":{"line":9,"column":12},"end":{"line":9,"column":79}},"type":"binary-expr","locations":[{"start":{"line":9,"column":12},"end":{"line":9,"column":21}},{"start":{"line":9,"column":25},"end":{"line":9,"column":53}},{"start":{"line":9,"column":57},"end":{"line":9,"column":79}}],"line":9},"2":{"loc":{"start":{"line":12,"column":8},"end":{"line":14,"column":9}},"type":"if","locations":[{"start":{"line":12,"column":8},"end":{"line":14,"column":9}},{"start":{},"end":{}}],"line":12}},"s":{"0":1,"1":3,"2":3,"3":3,"4":0,"5":3,"6":0,"7":3,"8":0,"9":0,"10":1},"f":{"0":3,"1":0,"2":0},"b":{"0":[0,3],"1":[3,3,3],"2":[0,3]},"_coverageSchema":"1a1c01bbd47fc00a2c39e90264f33305004495a9","hash":"b0c21123368421ca0ab2cef3768a4fb65728e974"}
,"D:\\ESPECIALIZACION\\Tecnicas y Herramientas\\Trabajos\\trabajoFinal\\EstadoSesion\\EstadoAsignacion.js": {"path":"D:\\ESPECIALIZACION\\Tecnicas y Herramientas\\Trabajos\\trabajoFinal\\EstadoSesion\\EstadoAsignacion.js","statementMap":{"0":{"start":{"line":1,"column":21},"end":{"line":1,"column":46}},"1":{"start":{"line":2,"column":23},"end":{"line":2,"column":50}},"2":{"start":{"line":7,"column":8},"end":{"line":7,"column":22}},"3":{"start":{"line":11,"column":8},"end":{"line":11,"column":28}},"4":{"start":{"line":15,"column":8},"end":{"line":15,"column":77}},"5":{"start":{"line":19,"column":8},"end":{"line":19,"column":69}},"6":{"start":{"line":23,"column":8},"end":{"line":23,"column":71}},"7":{"start":{"line":28,"column":8},"end":{"line":32,"column":9}},"8":{"start":{"line":29,"column":12},"end":{"line":31,"column":14}},"9":{"start":{"line":34,"column":41},"end":{"line":34,"column":42}},"10":{"start":{"line":35,"column":26},"end":{"line":35,"column":49}},"11":{"start":{"line":36,"column":26},"end":{"line":36,"column":49}},"12":{"start":{"line":37,"column":34},"end":{"line":37,"column":57}},"13":{"start":{"line":38,"column":42},"end":{"line":38,"column":85}},"14":{"start":{"line":41,"column":8},"end":{"line":43,"column":9}},"15":{"start":{"line":42,"column":12},"end":{"line":42,"column":90}},"16":{"start":{"line":45,"column":29},"end":{"line":45,"column":31}},"17":{"start":{"line":46,"column":35},"end":{"line":46,"column":37}},"18":{"start":{"line":49,"column":8},"end":{"line":51,"column":11}},"19":{"start":{"line":50,"column":12},"end":{"line":50,"column":59}},"20":{"start":{"line":54,"column":8},"end":{"line":70,"column":11}},"21":{"start":{"line":55,"column":55},"end":{"line":55,"column":62}},"22":{"start":{"line":57,"column":12},"end":{"line":64,"column":13}},"23":{"start":{"line":58,"column":16},"end":{"line":63,"column":18}},"24":{"start":{"line":66,"column":12},"end":{"line":69,"column":65}},"25":{"start":{"line":66,"column":46},"end":{"line":66,"column":95}},"26":{"start":{"line":67,"column":17},"end":{"line":69,"column":65}},"27":{"start":{"line":67,"column":47},"end":{"line":67,"column":91}},"28":{"start":{"line":68,"column":17},"end":{"line":69,"column":65}},"29":{"start":{"line":68,"column":54},"end":{"line":68,"column":104}},"30":{"start":{"line":69,"column":17},"end":{"line":69,"column":65}},"31":{"start":{"line":72,"column":8},"end":{"line":119,"column":11}},"32":{"start":{"line":73,"column":37},"end":{"line":73,"column":59}},"33":{"start":{"line":74,"column":39},"end":{"line":74,"column":48}},"34":{"start":{"line":75,"column":38},"end":{"line":75,"column":62}},"35":{"start":{"line":78,"column":46},"end":{"line":80,"column":13}},"36":{"start":{"line":79,"column":16},"end":{"line":79,"column":107}},"37":{"start":{"line":79,"column":44},"end":{"line":79,"column":105}},"38":{"start":{"line":83,"column":41},"end":{"line":83,"column":133}},"39":{"start":{"line":83,"column":108},"end":{"line":83,"column":131}},"40":{"start":{"line":84,"column":36},"end":{"line":84,"column":123}},"41":{"start":{"line":84,"column":98},"end":{"line":84,"column":121}},"42":{"start":{"line":85,"column":40},"end":{"line":85,"column":131}},"43":{"start":{"line":85,"column":106},"end":{"line":85,"column":129}},"44":{"start":{"line":86,"column":42},"end":{"line":86,"column":135}},"45":{"start":{"line":86,"column":110},"end":{"line":86,"column":133}},"46":{"start":{"line":89,"column":36},"end":{"line":103,"column":13}},"47":{"start":{"line":90,"column":16},"end":{"line":102,"column":17}},"48":{"start":{"line":91,"column":20},"end":{"line":101,"column":21}},"49":{"start":{"line":92,"column":40},"end":{"line":92,"column":97}},"50":{"start":{"line":92,"column":60},"end":{"line":92,"column":96}},"51":{"start":{"line":93,"column":24},"end":{"line":98,"column":25}},"52":{"start":{"line":94,"column":28},"end":{"line":94,"column":71}},"53":{"start":{"line":95,"column":28},"end":{"line":95,"column":60}},"54":{"start":{"line":96,"column":28},"end":{"line":96,"column":66}},"55":{"start":{"line":97,"column":28},"end":{"line":97,"column":50}},"56":{"start":{"line":100,"column":24},"end":{"line":100,"column":30}},"57":{"start":{"line":106,"column":12},"end":{"line":106,"column":50}},"58":{"start":{"line":107,"column":12},"end":{"line":107,"column":74}},"59":{"start":{"line":107,"column":41},"end":{"line":107,"column":74}},"60":{"start":{"line":108,"column":12},"end":{"line":108,"column":78}},"61":{"start":{"line":108,"column":41},"end":{"line":108,"column":78}},"62":{"start":{"line":109,"column":12},"end":{"line":109,"column":80}},"63":{"start":{"line":109,"column":41},"end":{"line":109,"column":80}},"64":{"start":{"line":114,"column":12},"end":{"line":116,"column":13}},"65":{"start":{"line":115,"column":16},"end":{"line":115,"column":121}},"66":{"start":{"line":118,"column":12},"end":{"line":118,"column":85}},"67":{"start":{"line":122,"column":42},"end":{"line":122,"column":110}},"68":{"start":{"line":122,"column":97},"end":{"line":122,"column":106}},"69":{"start":{"line":123,"column":8},"end":{"line":125,"column":9}},"70":{"start":{"line":124,"column":12},"end":{"line":124,"column":143}},"71":{"start":{"line":129,"column":26},"end":{"line":129,"column":49}},"72":{"start":{"line":130,"column":26},"end":{"line":130,"column":49}},"73":{"start":{"line":131,"column":26},"end":{"line":131,"column":28}},"74":{"start":{"line":133,"column":8},"end":{"line":142,"column":11}},"75":{"start":{"line":134,"column":12},"end":{"line":141,"column":15}},"76":{"start":{"line":135,"column":36},"end":{"line":135,"column":80}},"77":{"start":{"line":136,"column":16},"end":{"line":140,"column":19}},"78":{"start":{"line":144,"column":8},"end":{"line":144,"column":25}},"79":{"start":{"line":161,"column":0},"end":{"line":161,"column":34}}},"fnMap":{"0":{"name":"(anonymous_0)","decl":{"start":{"line":6,"column":4},"end":{"line":6,"column":5}},"loc":{"start":{"line":6,"column":24},"end":{"line":8,"column":5}},"line":6},"1":{"name":"(anonymous_1)","decl":{"start":{"line":10,"column":4},"end":{"line":10,"column":5}},"loc":{"start":{"line":10,"column":15},"end":{"line":12,"column":5}},"line":10},"2":{"name":"(anonymous_2)","decl":{"start":{"line":14,"column":4},"end":{"line":14,"column":5}},"loc":{"start":{"line":14,"column":20},"end":{"line":16,"column":5}},"line":14},"3":{"name":"(anonymous_3)","decl":{"start":{"line":18,"column":4},"end":{"line":18,"column":5}},"loc":{"start":{"line":18,"column":42},"end":{"line":20,"column":5}},"line":18},"4":{"name":"(anonymous_4)","decl":{"start":{"line":22,"column":4},"end":{"line":22,"column":5}},"loc":{"start":{"line":22,"column":53},"end":{"line":24,"column":5}},"line":22},"5":{"name":"(anonymous_5)","decl":{"start":{"line":26,"column":4},"end":{"line":26,"column":5}},"loc":{"start":{"line":26,"column":23},"end":{"line":126,"column":5}},"line":26},"6":{"name":"(anonymous_6)","decl":{"start":{"line":49,"column":26},"end":{"line":49,"column":27}},"loc":{"start":{"line":49,"column":37},"end":{"line":51,"column":9}},"line":49},"7":{"name":"(anonymous_7)","decl":{"start":{"line":54,"column":34},"end":{"line":54,"column":35}},"loc":{"start":{"line":54,"column":45},"end":{"line":70,"column":9}},"line":54},"8":{"name":"(anonymous_8)","decl":{"start":{"line":72,"column":26},"end":{"line":72,"column":27}},"loc":{"start":{"line":72,"column":38},"end":{"line":119,"column":9}},"line":72},"9":{"name":"(anonymous_9)","decl":{"start":{"line":78,"column":46},"end":{"line":78,"column":47}},"loc":{"start":{"line":78,"column":57},"end":{"line":80,"column":13}},"line":78},"10":{"name":"(anonymous_10)","decl":{"start":{"line":79,"column":34},"end":{"line":79,"column":35}},"loc":{"start":{"line":79,"column":44},"end":{"line":79,"column":105}},"line":79},"11":{"name":"(anonymous_11)","decl":{"start":{"line":83,"column":103},"end":{"line":83,"column":104}},"loc":{"start":{"line":83,"column":108},"end":{"line":83,"column":131}},"line":83},"12":{"name":"(anonymous_12)","decl":{"start":{"line":84,"column":93},"end":{"line":84,"column":94}},"loc":{"start":{"line":84,"column":98},"end":{"line":84,"column":121}},"line":84},"13":{"name":"(anonymous_13)","decl":{"start":{"line":85,"column":101},"end":{"line":85,"column":102}},"loc":{"start":{"line":85,"column":106},"end":{"line":85,"column":129}},"line":85},"14":{"name":"(anonymous_14)","decl":{"start":{"line":86,"column":105},"end":{"line":86,"column":106}},"loc":{"start":{"line":86,"column":110},"end":{"line":86,"column":133}},"line":86},"15":{"name":"(anonymous_15)","decl":{"start":{"line":89,"column":36},"end":{"line":89,"column":37}},"loc":{"start":{"line":89,"column":47},"end":{"line":103,"column":13}},"line":89},"16":{"name":"(anonymous_16)","decl":{"start":{"line":92,"column":55},"end":{"line":92,"column":56}},"loc":{"start":{"line":92,"column":60},"end":{"line":92,"column":96}},"line":92},"17":{"name":"(anonymous_17)","decl":{"start":{"line":122,"column":83},"end":{"line":122,"column":84}},"loc":{"start":{"line":122,"column":97},"end":{"line":122,"column":106}},"line":122},"18":{"name":"(anonymous_18)","decl":{"start":{"line":128,"column":4},"end":{"line":128,"column":5}},"loc":{"start":{"line":128,"column":23},"end":{"line":145,"column":5}},"line":128},"19":{"name":"(anonymous_19)","decl":{"start":{"line":133,"column":26},"end":{"line":133,"column":27}},"loc":{"start":{"line":133,"column":38},"end":{"line":142,"column":9}},"line":133},"20":{"name":"(anonymous_20)","decl":{"start":{"line":134,"column":30},"end":{"line":134,"column":31}},"loc":{"start":{"line":134,"column":41},"end":{"line":141,"column":13}},"line":134}},"branchMap":{"0":{"loc":{"start":{"line":28,"column":8},"end":{"line":32,"column":9}},"type":"if","locations":[{"start":{"line":28,"column":8},"end":{"line":32,"column":9}},{"start":{},"end":{}}],"line":28},"1":{"loc":{"start":{"line":41,"column":8},"end":{"line":43,"column":9}},"type":"if","locations":[{"start":{"line":41,"column":8},"end":{"line":43,"column":9}},{"start":{},"end":{}}],"line":41},"2":{"loc":{"start":{"line":57,"column":12},"end":{"line":64,"column":13}},"type":"if","locations":[{"start":{"line":57,"column":12},"end":{"line":64,"column":13}},{"start":{},"end":{}}],"line":57},"3":{"loc":{"start":{"line":66,"column":12},"end":{"line":69,"column":65}},"type":"if","locations":[{"start":{"line":66,"column":12},"end":{"line":69,"column":65}},{"start":{"line":67,"column":17},"end":{"line":69,"column":65}}],"line":66},"4":{"loc":{"start":{"line":67,"column":17},"end":{"line":69,"column":65}},"type":"if","locations":[{"start":{"line":67,"column":17},"end":{"line":69,"column":65}},{"start":{"line":68,"column":17},"end":{"line":69,"column":65}}],"line":67},"5":{"loc":{"start":{"line":68,"column":17},"end":{"line":69,"column":65}},"type":"if","locations":[{"start":{"line":68,"column":17},"end":{"line":69,"column":65}},{"start":{"line":69,"column":17},"end":{"line":69,"column":65}}],"line":68},"6":{"loc":{"start":{"line":91,"column":20},"end":{"line":101,"column":21}},"type":"if","locations":[{"start":{"line":91,"column":20},"end":{"line":101,"column":21}},{"start":{"line":99,"column":27},"end":{"line":101,"column":21}}],"line":91},"7":{"loc":{"start":{"line":93,"column":24},"end":{"line":98,"column":25}},"type":"if","locations":[{"start":{"line":93,"column":24},"end":{"line":98,"column":25}},{"start":{},"end":{}}],"line":93},"8":{"loc":{"start":{"line":93,"column":28},"end":{"line":93,"column":71}},"type":"binary-expr","locations":[{"start":{"line":93,"column":28},"end":{"line":93,"column":35}},{"start":{"line":93,"column":39},"end":{"line":93,"column":71}}],"line":93},"9":{"loc":{"start":{"line":107,"column":12},"end":{"line":107,"column":74}},"type":"if","locations":[{"start":{"line":107,"column":12},"end":{"line":107,"column":74}},{"start":{},"end":{}}],"line":107},"10":{"loc":{"start":{"line":108,"column":12},"end":{"line":108,"column":78}},"type":"if","locations":[{"start":{"line":108,"column":12},"end":{"line":108,"column":78}},{"start":{},"end":{}}],"line":108},"11":{"loc":{"start":{"line":109,"column":12},"end":{"line":109,"column":80}},"type":"if","locations":[{"start":{"line":109,"column":12},"end":{"line":109,"column":80}},{"start":{},"end":{}}],"line":109},"12":{"loc":{"start":{"line":114,"column":12},"end":{"line":116,"column":13}},"type":"if","locations":[{"start":{"line":114,"column":12},"end":{"line":116,"column":13}},{"start":{},"end":{}}],"line":114},"13":{"loc":{"start":{"line":123,"column":8},"end":{"line":125,"column":9}},"type":"if","locations":[{"start":{"line":123,"column":8},"end":{"line":125,"column":9}},{"start":{},"end":{}}],"line":123},"14":{"loc":{"start":{"line":139,"column":33},"end":{"line":139,"column":65}},"type":"cond-expr","locations":[{"start":{"line":139,"column":47},"end":{"line":139,"column":58}},{"start":{"line":139,"column":61},"end":{"line":139,"column":65}}],"line":139}},"s":{"0":1,"1":1,"2":9,"3":0,"4":9,"5":0,"6":0,"7":9,"8":0,"9":9,"10":9,"11":9,"12":9,"13":9,"14":9,"15":0,"16":9,"17":9,"18":9,"19":117,"20":9,"21":819,"22":819,"23":9,"24":819,"25":135,"26":684,"27":54,"28":630,"29":63,"30":567,"31":9,"32":63,"33":63,"34":63,"35":63,"36":252,"37":1242,"38":63,"39":945,"40":63,"41":378,"42":63,"43":3969,"44":63,"45":441,"46":63,"47":99,"48":189,"49":189,"50":1278,"51":189,"52":189,"53":189,"54":189,"55":189,"56":0,"57":63,"58":63,"59":36,"60":63,"61":0,"62":63,"63":0,"64":63,"65":0,"66":63,"67":9,"68":117,"69":9,"70":0,"71":9,"72":9,"73":9,"74":9,"75":63,"76":819,"77":819,"78":9,"79":1},"f":{"0":9,"1":0,"2":9,"3":0,"4":0,"5":9,"6":117,"7":819,"8":63,"9":252,"10":1242,"11":945,"12":378,"13":3969,"14":441,"15":99,"16":1278,"17":117,"18":9,"19":63,"20":819},"b":{"0":[0,9],"1":[0,9],"2":[9,810],"3":[135,684],"4":[54,630],"5":[63,567],"6":[189,0],"7":[189,0],"8":[189,189],"9":[36,27],"10":[0,63],"11":[0,63],"12":[0,63],"13":[0,9],"14":[252,567]},"_coverageSchema":"1a1c01bbd47fc00a2c39e90264f33305004495a9","hash":"29c834b909f9e203355ed1f8a31568fd3d9942ca"}
,"D:\\ESPECIALIZACION\\Tecnicas y Herramientas\\Trabajos\\trabajoFinal\\EstadoSesion\\EstadoBidding.js": {"path":"D:\\ESPECIALIZACION\\Tecnicas y Herramientas\\Trabajos\\trabajoFinal\\EstadoSesion\\EstadoBidding.js","statementMap":{"0":{"start":{"line":1,"column":21},"end":{"line":1,"column":46}},"1":{"start":{"line":2,"column":25},"end":{"line":2,"column":54}},"2":{"start":{"line":7,"column":8},"end":{"line":7,"column":22}},"3":{"start":{"line":11,"column":8},"end":{"line":11,"column":25}},"4":{"start":{"line":15,"column":8},"end":{"line":15,"column":79}},"5":{"start":{"line":19,"column":8},"end":{"line":19,"column":82}},"6":{"start":{"line":23,"column":8},"end":{"line":27,"column":9}},"7":{"start":{"line":24,"column":12},"end":{"line":26,"column":14}},"8":{"start":{"line":30,"column":33},"end":{"line":30,"column":74}},"9":{"start":{"line":31,"column":8},"end":{"line":33,"column":9}},"10":{"start":{"line":32,"column":12},"end":{"line":32,"column":67}},"11":{"start":{"line":36,"column":8},"end":{"line":38,"column":9}},"12":{"start":{"line":37,"column":12},"end":{"line":37,"column":99}},"13":{"start":{"line":40,"column":8},"end":{"line":40,"column":58}},"14":{"start":{"line":44,"column":8},"end":{"line":44,"column":120}},"15":{"start":{"line":66,"column":0},"end":{"line":66,"column":31}}},"fnMap":{"0":{"name":"(anonymous_0)","decl":{"start":{"line":6,"column":4},"end":{"line":6,"column":5}},"loc":{"start":{"line":6,"column":24},"end":{"line":8,"column":5}},"line":6},"1":{"name":"(anonymous_1)","decl":{"start":{"line":10,"column":4},"end":{"line":10,"column":5}},"loc":{"start":{"line":10,"column":15},"end":{"line":12,"column":5}},"line":10},"2":{"name":"(anonymous_2)","decl":{"start":{"line":14,"column":4},"end":{"line":14,"column":5}},"loc":{"start":{"line":14,"column":20},"end":{"line":16,"column":5}},"line":14},"3":{"name":"(anonymous_3)","decl":{"start":{"line":18,"column":4},"end":{"line":18,"column":5}},"loc":{"start":{"line":18,"column":42},"end":{"line":20,"column":5}},"line":18},"4":{"name":"(anonymous_4)","decl":{"start":{"line":22,"column":4},"end":{"line":22,"column":5}},"loc":{"start":{"line":22,"column":54},"end":{"line":41,"column":5}},"line":22},"5":{"name":"(anonymous_5)","decl":{"start":{"line":43,"column":4},"end":{"line":43,"column":5}},"loc":{"start":{"line":43,"column":22},"end":{"line":45,"column":5}},"line":43}},"branchMap":{"0":{"loc":{"start":{"line":23,"column":8},"end":{"line":27,"column":9}},"type":"if","locations":[{"start":{"line":23,"column":8},"end":{"line":27,"column":9}},{"start":{},"end":{}}],"line":23},"1":{"loc":{"start":{"line":31,"column":8},"end":{"line":33,"column":9}},"type":"if","locations":[{"start":{"line":31,"column":8},"end":{"line":33,"column":9}},{"start":{},"end":{}}],"line":31},"2":{"loc":{"start":{"line":36,"column":8},"end":{"line":38,"column":9}},"type":"if","locations":[{"start":{"line":36,"column":8},"end":{"line":38,"column":9}},{"start":{},"end":{}}],"line":36}},"s":{"0":1,"1":1,"2":9,"3":0,"4":9,"5":0,"6":252,"7":0,"8":252,"9":252,"10":0,"11":252,"12":0,"13":252,"14":0,"15":1},"f":{"0":9,"1":0,"2":9,"3":0,"4":252,"5":0},"b":{"0":[0,252],"1":[0,252],"2":[0,252]},"_coverageSchema":"1a1c01bbd47fc00a2c39e90264f33305004495a9","hash":"ddd23f348939a8aea12b0fc96fa0bad88fd8bc1c"}
,"D:\\ESPECIALIZACION\\Tecnicas y Herramientas\\Trabajos\\trabajoFinal\\EstadoSesion\\EstadoRecepcion.js": {"path":"D:\\ESPECIALIZACION\\Tecnicas y Herramientas\\Trabajos\\trabajoFinal\\EstadoSesion\\EstadoRecepcion.js","statementMap":{"0":{"start":{"line":1,"column":21},"end":{"line":1,"column":46}},"1":{"start":{"line":2,"column":22},"end":{"line":2,"column":48}},"2":{"start":{"line":7,"column":8},"end":{"line":7,"column":22}},"3":{"start":{"line":8,"column":8},"end":{"line":8,"column":52}},"4":{"start":{"line":12,"column":8},"end":{"line":12,"column":27}},"5":{"start":{"line":16,"column":8},"end":{"line":16,"column":76}},"6":{"start":{"line":20,"column":8},"end":{"line":20,"column":56}},"7":{"start":{"line":24,"column":8},"end":{"line":28,"column":9}},"8":{"start":{"line":26,"column":12},"end":{"line":26,"column":74}},"9":{"start":{"line":27,"column":12},"end":{"line":27,"column":86}},"10":{"start":{"line":30,"column":8},"end":{"line":34,"column":9}},"11":{"start":{"line":32,"column":12},"end":{"line":32,"column":109}},"12":{"start":{"line":33,"column":12},"end":{"line":33,"column":83}},"13":{"start":{"line":37,"column":8},"end":{"line":37,"column":57}},"14":{"start":{"line":40,"column":8},"end":{"line":40,"column":55}},"15":{"start":{"line":44,"column":8},"end":{"line":44,"column":71}},"16":{"start":{"line":48,"column":8},"end":{"line":48,"column":120}},"17":{"start":{"line":51,"column":0},"end":{"line":51,"column":33}}},"fnMap":{"0":{"name":"(anonymous_0)","decl":{"start":{"line":6,"column":4},"end":{"line":6,"column":5}},"loc":{"start":{"line":6,"column":43},"end":{"line":9,"column":5}},"line":6},"1":{"name":"(anonymous_1)","decl":{"start":{"line":11,"column":4},"end":{"line":11,"column":5}},"loc":{"start":{"line":11,"column":15},"end":{"line":13,"column":5}},"line":11},"2":{"name":"(anonymous_2)","decl":{"start":{"line":15,"column":4},"end":{"line":15,"column":5}},"loc":{"start":{"line":15,"column":20},"end":{"line":17,"column":5}},"line":15},"3":{"name":"(anonymous_3)","decl":{"start":{"line":19,"column":4},"end":{"line":19,"column":5}},"loc":{"start":{"line":19,"column":34},"end":{"line":21,"column":5}},"line":19},"4":{"name":"(anonymous_4)","decl":{"start":{"line":23,"column":4},"end":{"line":23,"column":5}},"loc":{"start":{"line":23,"column":42},"end":{"line":41,"column":5}},"line":23},"5":{"name":"(anonymous_5)","decl":{"start":{"line":43,"column":4},"end":{"line":43,"column":5}},"loc":{"start":{"line":43,"column":53},"end":{"line":45,"column":5}},"line":43},"6":{"name":"(anonymous_6)","decl":{"start":{"line":47,"column":4},"end":{"line":47,"column":5}},"loc":{"start":{"line":47,"column":23},"end":{"line":49,"column":5}},"line":47}},"branchMap":{"0":{"loc":{"start":{"line":24,"column":8},"end":{"line":28,"column":9}},"type":"if","locations":[{"start":{"line":24,"column":8},"end":{"line":28,"column":9}},{"start":{},"end":{}}],"line":24},"1":{"loc":{"start":{"line":30,"column":8},"end":{"line":34,"column":9}},"type":"if","locations":[{"start":{"line":30,"column":8},"end":{"line":34,"column":9}},{"start":{},"end":{}}],"line":30}},"s":{"0":1,"1":1,"2":5,"3":5,"4":0,"5":9,"6":63,"7":63,"8":0,"9":0,"10":63,"11":0,"12":0,"13":63,"14":63,"15":0,"16":0,"17":1},"f":{"0":5,"1":0,"2":9,"3":63,"4":63,"5":0,"6":0},"b":{"0":[0,63],"1":[0,63]},"_coverageSchema":"1a1c01bbd47fc00a2c39e90264f33305004495a9","hash":"d0b3c9f75ba3b845727911b4c459e07da4b80cb3"}
,"D:\\ESPECIALIZACION\\Tecnicas y Herramientas\\Trabajos\\trabajoFinal\\EstadoSesion\\EstadoRevision.js": {"path":"D:\\ESPECIALIZACION\\Tecnicas y Herramientas\\Trabajos\\trabajoFinal\\EstadoSesion\\EstadoRevision.js","statementMap":{"0":{"start":{"line":1,"column":21},"end":{"line":1,"column":46}},"1":{"start":{"line":2,"column":24},"end":{"line":2,"column":52}},"2":{"start":{"line":7,"column":8},"end":{"line":7,"column":22}},"3":{"start":{"line":8,"column":8},"end":{"line":8,"column":39}},"4":{"start":{"line":12,"column":8},"end":{"line":12,"column":26}},"5":{"start":{"line":16,"column":8},"end":{"line":16,"column":78}},"6":{"start":{"line":20,"column":8},"end":{"line":20,"column":69}},"7":{"start":{"line":24,"column":8},"end":{"line":24,"column":71}},"8":{"start":{"line":28,"column":8},"end":{"line":28,"column":120}},"9":{"start":{"line":32,"column":8},"end":{"line":36,"column":11}},"10":{"start":{"line":33,"column":12},"end":{"line":35,"column":14}},"11":{"start":{"line":37,"column":8},"end":{"line":39,"column":9}},"12":{"start":{"line":38,"column":12},"end":{"line":38,"column":75}},"13":{"start":{"line":40,"column":8},"end":{"line":42,"column":9}},"14":{"start":{"line":41,"column":12},"end":{"line":41,"column":66}},"15":{"start":{"line":44,"column":8},"end":{"line":46,"column":9}},"16":{"start":{"line":45,"column":12},"end":{"line":45,"column":49}},"17":{"start":{"line":48,"column":8},"end":{"line":48,"column":64}},"18":{"start":{"line":49,"column":8},"end":{"line":49,"column":80}},"19":{"start":{"line":64,"column":0},"end":{"line":64,"column":32}}},"fnMap":{"0":{"name":"(anonymous_0)","decl":{"start":{"line":6,"column":4},"end":{"line":6,"column":5}},"loc":{"start":{"line":6,"column":24},"end":{"line":9,"column":5}},"line":6},"1":{"name":"(anonymous_1)","decl":{"start":{"line":11,"column":4},"end":{"line":11,"column":5}},"loc":{"start":{"line":11,"column":15},"end":{"line":13,"column":5}},"line":11},"2":{"name":"(anonymous_2)","decl":{"start":{"line":15,"column":4},"end":{"line":15,"column":5}},"loc":{"start":{"line":15,"column":20},"end":{"line":17,"column":5}},"line":15},"3":{"name":"(anonymous_3)","decl":{"start":{"line":19,"column":4},"end":{"line":19,"column":5}},"loc":{"start":{"line":19,"column":42},"end":{"line":21,"column":5}},"line":19},"4":{"name":"(anonymous_4)","decl":{"start":{"line":23,"column":4},"end":{"line":23,"column":5}},"loc":{"start":{"line":23,"column":53},"end":{"line":25,"column":5}},"line":23},"5":{"name":"(anonymous_5)","decl":{"start":{"line":27,"column":4},"end":{"line":27,"column":5}},"loc":{"start":{"line":27,"column":23},"end":{"line":29,"column":5}},"line":27},"6":{"name":"(anonymous_6)","decl":{"start":{"line":31,"column":4},"end":{"line":31,"column":5}},"loc":{"start":{"line":31,"column":60},"end":{"line":50,"column":5}},"line":31}},"branchMap":{"0":{"loc":{"start":{"line":32,"column":8},"end":{"line":36,"column":11}},"type":"if","locations":[{"start":{"line":32,"column":8},"end":{"line":36,"column":11}},{"start":{},"end":{}}],"line":32},"1":{"loc":{"start":{"line":37,"column":8},"end":{"line":39,"column":9}},"type":"if","locations":[{"start":{"line":37,"column":8},"end":{"line":39,"column":9}},{"start":{},"end":{}}],"line":37},"2":{"loc":{"start":{"line":40,"column":8},"end":{"line":42,"column":9}},"type":"if","locations":[{"start":{"line":40,"column":8},"end":{"line":42,"column":9}},{"start":{},"end":{}}],"line":40},"3":{"loc":{"start":{"line":40,"column":12},"end":{"line":40,"column":39}},"type":"binary-expr","locations":[{"start":{"line":40,"column":12},"end":{"line":40,"column":24}},{"start":{"line":40,"column":28},"end":{"line":40,"column":39}}],"line":40},"4":{"loc":{"start":{"line":44,"column":8},"end":{"line":46,"column":9}},"type":"if","locations":[{"start":{"line":44,"column":8},"end":{"line":46,"column":9}},{"start":{},"end":{}}],"line":44}},"s":{"0":1,"1":1,"2":9,"3":9,"4":0,"5":0,"6":0,"7":0,"8":0,"9":189,"10":0,"11":189,"12":0,"13":189,"14":0,"15":189,"16":63,"17":189,"18":189,"19":1},"f":{"0":9,"1":0,"2":0,"3":0,"4":0,"5":0,"6":189},"b":{"0":[0,189],"1":[0,189],"2":[0,189],"3":[189,189],"4":[63,126]},"_coverageSchema":"1a1c01bbd47fc00a2c39e90264f33305004495a9","hash":"3f1a1401ff08b17830c2a0db7206ff1f39c78f5d"}
,"D:\\ESPECIALIZACION\\Tecnicas y Herramientas\\Trabajos\\trabajoFinal\\EstadoSesion\\EstadoSeleccion.js": {"path":"D:\\ESPECIALIZACION\\Tecnicas y Herramientas\\Trabajos\\trabajoFinal\\EstadoSesion\\EstadoSeleccion.js","statementMap":{"0":{"start":{"line":1,"column":21},"end":{"line":1,"column":46}},"1":{"start":{"line":5,"column":8},"end":{"line":5,"column":22}},"2":{"start":{"line":9,"column":8},"end":{"line":9,"column":27}},"3":{"start":{"line":13,"column":8},"end":{"line":13,"column":69}},"4":{"start":{"line":17,"column":8},"end":{"line":17,"column":71}},"5":{"start":{"line":21,"column":8},"end":{"line":21,"column":120}},"6":{"start":{"line":25,"column":8},"end":{"line":25,"column":44}},"7":{"start":{"line":40,"column":0},"end":{"line":40,"column":33}}},"fnMap":{"0":{"name":"(anonymous_0)","decl":{"start":{"line":4,"column":4},"end":{"line":4,"column":5}},"loc":{"start":{"line":4,"column":24},"end":{"line":6,"column":5}},"line":4},"1":{"name":"(anonymous_1)","decl":{"start":{"line":8,"column":4},"end":{"line":8,"column":5}},"loc":{"start":{"line":8,"column":15},"end":{"line":10,"column":5}},"line":8},"2":{"name":"(anonymous_2)","decl":{"start":{"line":12,"column":4},"end":{"line":12,"column":5}},"loc":{"start":{"line":12,"column":42},"end":{"line":14,"column":5}},"line":12},"3":{"name":"(anonymous_3)","decl":{"start":{"line":16,"column":4},"end":{"line":16,"column":5}},"loc":{"start":{"line":16,"column":53},"end":{"line":18,"column":5}},"line":16},"4":{"name":"(anonymous_4)","decl":{"start":{"line":20,"column":4},"end":{"line":20,"column":5}},"loc":{"start":{"line":20,"column":23},"end":{"line":22,"column":5}},"line":20},"5":{"name":"(anonymous_5)","decl":{"start":{"line":24,"column":4},"end":{"line":24,"column":5}},"loc":{"start":{"line":24,"column":28},"end":{"line":26,"column":5}},"line":24}},"branchMap":{},"s":{"0":1,"1":9,"2":3,"3":1,"4":1,"5":0,"6":1,"7":1},"f":{"0":9,"1":3,"2":1,"3":1,"4":0,"5":1},"b":{},"_coverageSchema":"1a1c01bbd47fc00a2c39e90264f33305004495a9","hash":"a17ee78471d15ab309cd688dd8106ca51bf7c227"}
,"D:\\ESPECIALIZACION\\Tecnicas y Herramientas\\Trabajos\\trabajoFinal\\EstadoSesion\\EstadoSesion.js": {"path":"D:\\ESPECIALIZACION\\Tecnicas y Herramientas\\Trabajos\\trabajoFinal\\EstadoSesion\\EstadoSesion.js","statementMap":{"0":{"start":{"line":3,"column":8},"end":{"line":3,"column":30}},"1":{"start":{"line":7,"column":8},"end":{"line":7,"column":69}},"2":{"start":{"line":11,"column":8},"end":{"line":11,"column":69}},"3":{"start":{"line":15,"column":8},"end":{"line":15,"column":69}},"4":{"start":{"line":19,"column":8},"end":{"line":19,"column":69}},"5":{"start":{"line":23,"column":8},"end":{"line":23,"column":69}},"6":{"start":{"line":27,"column":8},"end":{"line":27,"column":69}},"7":{"start":{"line":30,"column":0},"end":{"line":30,"column":30}}},"fnMap":{"0":{"name":"(anonymous_0)","decl":{"start":{"line":2,"column":4},"end":{"line":2,"column":5}},"loc":{"start":{"line":2,"column":24},"end":{"line":4,"column":5}},"line":2},"1":{"name":"(anonymous_1)","decl":{"start":{"line":6,"column":4},"end":{"line":6,"column":5}},"loc":{"start":{"line":6,"column":15},"end":{"line":8,"column":5}},"line":6},"2":{"name":"(anonymous_2)","decl":{"start":{"line":10,"column":4},"end":{"line":10,"column":5}},"loc":{"start":{"line":10,"column":43},"end":{"line":12,"column":5}},"line":10},"3":{"name":"(anonymous_3)","decl":{"start":{"line":14,"column":4},"end":{"line":14,"column":5}},"loc":{"start":{"line":14,"column":19},"end":{"line":16,"column":5}},"line":14},"4":{"name":"(anonymous_4)","decl":{"start":{"line":18,"column":4},"end":{"line":18,"column":5}},"loc":{"start":{"line":18,"column":53},"end":{"line":20,"column":5}},"line":18},"5":{"name":"(anonymous_5)","decl":{"start":{"line":22,"column":4},"end":{"line":22,"column":5}},"loc":{"start":{"line":22,"column":23},"end":{"line":24,"column":5}},"line":22},"6":{"name":"(anonymous_6)","decl":{"start":{"line":26,"column":4},"end":{"line":26,"column":5}},"loc":{"start":{"line":26,"column":28},"end":{"line":28,"column":5}},"line":26}},"branchMap":{},"s":{"0":41,"1":0,"2":0,"3":0,"4":0,"5":0,"6":0,"7":1},"f":{"0":41,"1":0,"2":0,"3":0,"4":0,"5":0,"6":0},"b":{},"_coverageSchema":"1a1c01bbd47fc00a2c39e90264f33305004495a9","hash":"ca6331c9311cf572aff7979912a676e2b54710ca"}
,"D:\\ESPECIALIZACION\\Tecnicas y Herramientas\\Trabajos\\trabajoFinal\\Estrategia\\Estrategia.js": {"path":"D:\\ESPECIALIZACION\\Tecnicas y Herramientas\\Trabajos\\trabajoFinal\\Estrategia\\Estrategia.js","statementMap":{"0":{"start":{"line":3,"column":6},"end":{"line":5,"column":7}},"1":{"start":{"line":4,"column":8},"end":{"line":4,"column":81}},"2":{"start":{"line":9,"column":8},"end":{"line":9,"column":80}},"3":{"start":{"line":13,"column":0},"end":{"line":13,"column":29}}},"fnMap":{"0":{"name":"(anonymous_0)","decl":{"start":{"line":2,"column":4},"end":{"line":2,"column":5}},"loc":{"start":{"line":2,"column":18},"end":{"line":6,"column":5}},"line":2},"1":{"name":"(anonymous_1)","decl":{"start":{"line":8,"column":4},"end":{"line":8,"column":5}},"loc":{"start":{"line":8,"column":24},"end":{"line":10,"column":5}},"line":8}},"branchMap":{"0":{"loc":{"start":{"line":3,"column":6},"end":{"line":5,"column":7}},"type":"if","locations":[{"start":{"line":3,"column":6},"end":{"line":5,"column":7}},{"start":{},"end":{}}],"line":3}},"s":{"0":7,"1":0,"2":0,"3":1},"f":{"0":7,"1":0},"b":{"0":[0,7]},"_coverageSchema":"1a1c01bbd47fc00a2c39e90264f33305004495a9","hash":"ed524a71d45ace5225588b7cef84b75bd335d274"}
,"D:\\ESPECIALIZACION\\Tecnicas y Herramientas\\Trabajos\\trabajoFinal\\Estrategia\\PorcentajeDeAceptados.js": {"path":"D:\\ESPECIALIZACION\\Tecnicas y Herramientas\\Trabajos\\trabajoFinal\\Estrategia\\PorcentajeDeAceptados.js","statementMap":{"0":{"start":{"line":1,"column":19},"end":{"line":1,"column":54}},"1":{"start":{"line":5,"column":6},"end":{"line":5,"column":14}},"2":{"start":{"line":6,"column":6},"end":{"line":8,"column":5}},"3":{"start":{"line":7,"column":8},"end":{"line":7,"column":81}},"4":{"start":{"line":9,"column":6},"end":{"line":9,"column":56}},"5":{"start":{"line":23,"column":8},"end":{"line":23,"column":96}},"6":{"start":{"line":23,"column":86},"end":{"line":23,"column":96}},"7":{"start":{"line":26,"column":26},"end":{"line":26,"column":73}},"8":{"start":{"line":29,"column":8},"end":{"line":29,"column":102}},"9":{"start":{"line":29,"column":33},"end":{"line":29,"column":100}},"10":{"start":{"line":32,"column":34},"end":{"line":32,"column":98}},"11":{"start":{"line":34,"column":8},"end":{"line":34,"column":53}},"12":{"start":{"line":78,"column":0},"end":{"line":78,"column":39}}},"fnMap":{"0":{"name":"(anonymous_0)","decl":{"start":{"line":4,"column":4},"end":{"line":4,"column":5}},"loc":{"start":{"line":4,"column":38},"end":{"line":10,"column":5}},"line":4},"1":{"name":"(anonymous_1)","decl":{"start":{"line":12,"column":4},"end":{"line":12,"column":5}},"loc":{"start":{"line":12,"column":24},"end":{"line":35,"column":5}},"line":12},"2":{"name":"(anonymous_2)","decl":{"start":{"line":29,"column":23},"end":{"line":29,"column":24}},"loc":{"start":{"line":29,"column":33},"end":{"line":29,"column":100}},"line":29}},"branchMap":{"0":{"loc":{"start":{"line":6,"column":6},"end":{"line":8,"column":5}},"type":"if","locations":[{"start":{"line":6,"column":6},"end":{"line":8,"column":5}},{"start":{},"end":{}}],"line":6},"1":{"loc":{"start":{"line":6,"column":10},"end":{"line":6,"column":109}},"type":"binary-expr","locations":[{"start":{"line":6,"column":10},"end":{"line":6,"column":50}},{"start":{"line":6,"column":54},"end":{"line":6,"column":79}},{"start":{"line":6,"column":83},"end":{"line":6,"column":109}}],"line":6},"2":{"loc":{"start":{"line":23,"column":8},"end":{"line":23,"column":96}},"type":"if","locations":[{"start":{"line":23,"column":8},"end":{"line":23,"column":96}},{"start":{},"end":{}}],"line":23},"3":{"loc":{"start":{"line":23,"column":12},"end":{"line":23,"column":84}},"type":"binary-expr","locations":[{"start":{"line":23,"column":12},"end":{"line":23,"column":41}},{"start":{"line":23,"column":45},"end":{"line":23,"column":84}}],"line":23}},"s":{"0":1,"1":4,"2":4,"3":0,"4":4,"5":2,"6":0,"7":2,"8":2,"9":24,"10":2,"11":2,"12":1},"f":{"0":4,"1":2,"2":24},"b":{"0":[0,4],"1":[4,4,4],"2":[0,2],"3":[2,2]},"_coverageSchema":"1a1c01bbd47fc00a2c39e90264f33305004495a9","hash":"cec6a540acfb59430568c53c84d217b06b4bc17c"}
,"D:\\ESPECIALIZACION\\Tecnicas y Herramientas\\Trabajos\\trabajoFinal\\Estrategia\\PuntajeMinimo.js": {"path":"D:\\ESPECIALIZACION\\Tecnicas y Herramientas\\Trabajos\\trabajoFinal\\Estrategia\\PuntajeMinimo.js","statementMap":{"0":{"start":{"line":1,"column":19},"end":{"line":1,"column":54}},"1":{"start":{"line":5,"column":6},"end":{"line":5,"column":14}},"2":{"start":{"line":6,"column":6},"end":{"line":8,"column":7}},"3":{"start":{"line":7,"column":8},"end":{"line":7,"column":74}},"4":{"start":{"line":9,"column":6},"end":{"line":9,"column":42}},"5":{"start":{"line":20,"column":6},"end":{"line":20,"column":94}},"6":{"start":{"line":20,"column":84},"end":{"line":20,"column":94}},"7":{"start":{"line":23,"column":24},"end":{"line":23,"column":71}},"8":{"start":{"line":26,"column":6},"end":{"line":32,"column":9}},"9":{"start":{"line":27,"column":31},"end":{"line":27,"column":73}},"10":{"start":{"line":28,"column":10},"end":{"line":28,"column":42}},"11":{"start":{"line":28,"column":29},"end":{"line":28,"column":42}},"12":{"start":{"line":30,"column":34},"end":{"line":30,"column":73}},"13":{"start":{"line":31,"column":10},"end":{"line":31,"column":56}},"14":{"start":{"line":65,"column":2},"end":{"line":65,"column":33}}},"fnMap":{"0":{"name":"(anonymous_0)","decl":{"start":{"line":4,"column":4},"end":{"line":4,"column":5}},"loc":{"start":{"line":4,"column":31},"end":{"line":10,"column":5}},"line":4},"1":{"name":"(anonymous_1)","decl":{"start":{"line":12,"column":4},"end":{"line":12,"column":5}},"loc":{"start":{"line":12,"column":24},"end":{"line":33,"column":5}},"line":12},"2":{"name":"(anonymous_2)","decl":{"start":{"line":26,"column":30},"end":{"line":26,"column":31}},"loc":{"start":{"line":26,"column":42},"end":{"line":32,"column":7}},"line":26}},"branchMap":{"0":{"loc":{"start":{"line":6,"column":6},"end":{"line":8,"column":7}},"type":"if","locations":[{"start":{"line":6,"column":6},"end":{"line":8,"column":7}},{"start":{},"end":{}}],"line":6},"1":{"loc":{"start":{"line":6,"column":10},"end":{"line":6,"column":65}},"type":"binary-expr","locations":[{"start":{"line":6,"column":10},"end":{"line":6,"column":43}},{"start":{"line":6,"column":47},"end":{"line":6,"column":65}}],"line":6},"2":{"loc":{"start":{"line":20,"column":6},"end":{"line":20,"column":94}},"type":"if","locations":[{"start":{"line":20,"column":6},"end":{"line":20,"column":94}},{"start":{},"end":{}}],"line":20},"3":{"loc":{"start":{"line":20,"column":10},"end":{"line":20,"column":82}},"type":"binary-expr","locations":[{"start":{"line":20,"column":10},"end":{"line":20,"column":39}},{"start":{"line":20,"column":43},"end":{"line":20,"column":82}}],"line":20},"4":{"loc":{"start":{"line":28,"column":10},"end":{"line":28,"column":42}},"type":"if","locations":[{"start":{"line":28,"column":10},"end":{"line":28,"column":42}},{"start":{},"end":{}}],"line":28}},"s":{"0":1,"1":3,"2":3,"3":0,"4":3,"5":2,"6":0,"7":2,"8":2,"9":14,"10":14,"11":0,"12":14,"13":14,"14":1},"f":{"0":3,"1":2,"2":14},"b":{"0":[0,3],"1":[3,3],"2":[0,2],"3":[2,2],"4":[0,14]},"_coverageSchema":"1a1c01bbd47fc00a2c39e90264f33305004495a9","hash":"7773c272af91a561ab6676cadd1f81160cc17e82"}
,"D:\\ESPECIALIZACION\\Tecnicas y Herramientas\\Trabajos\\trabajoFinal\\Sesion\\Sesion.js": {"path":"D:\\ESPECIALIZACION\\Tecnicas y Herramientas\\Trabajos\\trabajoFinal\\Sesion\\Sesion.js","statementMap":{"0":{"start":{"line":1,"column":16},"end":{"line":1,"column":45}},"1":{"start":{"line":2,"column":24},"end":{"line":2,"column":66}},"2":{"start":{"line":3,"column":19},"end":{"line":3,"column":54}},"3":{"start":{"line":7,"column":8},"end":{"line":9,"column":9}},"4":{"start":{"line":8,"column":12},"end":{"line":8,"column":74}},"5":{"start":{"line":10,"column":8},"end":{"line":10,"column":26}},"6":{"start":{"line":11,"column":8},"end":{"line":11,"column":38}},"7":{"start":{"line":12,"column":8},"end":{"line":12,"column":74}},"8":{"start":{"line":13,"column":8},"end":{"line":13,"column":29}},"9":{"start":{"line":14,"column":8},"end":{"line":14,"column":29}},"10":{"start":{"line":15,"column":8},"end":{"line":15,"column":43}},"11":{"start":{"line":16,"column":8},"end":{"line":16,"column":32}},"12":{"start":{"line":17,"column":8},"end":{"line":17,"column":42}},"13":{"start":{"line":18,"column":8},"end":{"line":18,"column":47}},"14":{"start":{"line":22,"column":8},"end":{"line":22,"column":31}},"15":{"start":{"line":26,"column":8},"end":{"line":26,"column":34}},"16":{"start":{"line":30,"column":8},"end":{"line":30,"column":36}},"17":{"start":{"line":34,"column":8},"end":{"line":34,"column":43}},"18":{"start":{"line":39,"column":28},"end":{"line":39,"column":66}},"19":{"start":{"line":40,"column":8},"end":{"line":40,"column":66}},"20":{"start":{"line":45,"column":8},"end":{"line":45,"column":39}},"21":{"start":{"line":49,"column":8},"end":{"line":49,"column":69}},"22":{"start":{"line":55,"column":24},"end":{"line":55,"column":97}},"23":{"start":{"line":55,"column":62},"end":{"line":55,"column":96}},"24":{"start":{"line":57,"column":8},"end":{"line":59,"column":9}},"25":{"start":{"line":58,"column":12},"end":{"line":58,"column":75}},"26":{"start":{"line":62,"column":8},"end":{"line":64,"column":9}},"27":{"start":{"line":63,"column":12},"end":{"line":63,"column":69}},"28":{"start":{"line":67,"column":8},"end":{"line":69,"column":9}},"29":{"start":{"line":68,"column":12},"end":{"line":68,"column":73}},"30":{"start":{"line":72,"column":8},"end":{"line":72,"column":38}},"31":{"start":{"line":77,"column":33},"end":{"line":77,"column":74}},"32":{"start":{"line":77,"column":59},"end":{"line":77,"column":73}},"33":{"start":{"line":78,"column":8},"end":{"line":85,"column":9}},"34":{"start":{"line":80,"column":12},"end":{"line":82,"column":15}},"35":{"start":{"line":81,"column":16},"end":{"line":81,"column":65}},"36":{"start":{"line":84,"column":12},"end":{"line":84,"column":73}},"37":{"start":{"line":89,"column":8},"end":{"line":91,"column":9}},"38":{"start":{"line":90,"column":12},"end":{"line":90,"column":100}},"39":{"start":{"line":92,"column":8},"end":{"line":92,"column":51}},"40":{"start":{"line":96,"column":8},"end":{"line":98,"column":9}},"41":{"start":{"line":97,"column":12},"end":{"line":97,"column":90}},"42":{"start":{"line":99,"column":8},"end":{"line":99,"column":38}},"43":{"start":{"line":103,"column":8},"end":{"line":103,"column":97}},"44":{"start":{"line":103,"column":31},"end":{"line":103,"column":97}},"45":{"start":{"line":104,"column":8},"end":{"line":104,"column":120}},"46":{"start":{"line":104,"column":42},"end":{"line":104,"column":120}},"47":{"start":{"line":107,"column":42},"end":{"line":107,"column":76}},"48":{"start":{"line":110,"column":8},"end":{"line":110,"column":103}},"49":{"start":{"line":111,"column":8},"end":{"line":111,"column":44}},"50":{"start":{"line":115,"column":8},"end":{"line":117,"column":9}},"51":{"start":{"line":116,"column":12},"end":{"line":116,"column":21}},"52":{"start":{"line":119,"column":29},"end":{"line":119,"column":89}},"53":{"start":{"line":119,"column":79},"end":{"line":119,"column":88}},"54":{"start":{"line":120,"column":21},"end":{"line":120,"column":64}},"55":{"start":{"line":120,"column":53},"end":{"line":120,"column":60}},"56":{"start":{"line":121,"column":8},"end":{"line":121,"column":42}},"57":{"start":{"line":125,"column":8},"end":{"line":125,"column":44}},"58":{"start":{"line":314,"column":0},"end":{"line":314,"column":24}}},"fnMap":{"0":{"name":"(anonymous_0)","decl":{"start":{"line":6,"column":4},"end":{"line":6,"column":5}},"loc":{"start":{"line":6,"column":53},"end":{"line":19,"column":5}},"line":6},"1":{"name":"(anonymous_1)","decl":{"start":{"line":21,"column":4},"end":{"line":21,"column":5}},"loc":{"start":{"line":21,"column":19},"end":{"line":23,"column":5}},"line":21},"2":{"name":"(anonymous_2)","decl":{"start":{"line":25,"column":4},"end":{"line":25,"column":5}},"loc":{"start":{"line":25,"column":18},"end":{"line":27,"column":5}},"line":25},"3":{"name":"(anonymous_3)","decl":{"start":{"line":29,"column":4},"end":{"line":29,"column":5}},"loc":{"start":{"line":29,"column":34},"end":{"line":31,"column":5}},"line":29},"4":{"name":"(anonymous_4)","decl":{"start":{"line":33,"column":4},"end":{"line":33,"column":5}},"loc":{"start":{"line":33,"column":27},"end":{"line":35,"column":5}},"line":33},"5":{"name":"(anonymous_5)","decl":{"start":{"line":38,"column":4},"end":{"line":38,"column":5}},"loc":{"start":{"line":38,"column":29},"end":{"line":41,"column":5}},"line":38},"6":{"name":"(anonymous_6)","decl":{"start":{"line":44,"column":4},"end":{"line":44,"column":5}},"loc":{"start":{"line":44,"column":39},"end":{"line":46,"column":5}},"line":44},"7":{"name":"(anonymous_7)","decl":{"start":{"line":48,"column":4},"end":{"line":48,"column":5}},"loc":{"start":{"line":48,"column":40},"end":{"line":50,"column":5}},"line":48},"8":{"name":"(anonymous_8)","decl":{"start":{"line":53,"column":4},"end":{"line":53,"column":5}},"loc":{"start":{"line":53,"column":36},"end":{"line":73,"column":5}},"line":53},"9":{"name":"(anonymous_9)","decl":{"start":{"line":55,"column":57},"end":{"line":55,"column":58}},"loc":{"start":{"line":55,"column":62},"end":{"line":55,"column":96}},"line":55},"10":{"name":"(anonymous_10)","decl":{"start":{"line":75,"column":4},"end":{"line":75,"column":5}},"loc":{"start":{"line":75,"column":52},"end":{"line":86,"column":5}},"line":75},"11":{"name":"(anonymous_11)","decl":{"start":{"line":77,"column":54},"end":{"line":77,"column":55}},"loc":{"start":{"line":77,"column":59},"end":{"line":77,"column":73}},"line":77},"12":{"name":"(anonymous_12)","decl":{"start":{"line":80,"column":39},"end":{"line":80,"column":40}},"loc":{"start":{"line":80,"column":50},"end":{"line":82,"column":13}},"line":80},"13":{"name":"(anonymous_13)","decl":{"start":{"line":88,"column":4},"end":{"line":88,"column":5}},"loc":{"start":{"line":88,"column":44},"end":{"line":93,"column":5}},"line":88},"14":{"name":"(anonymous_14)","decl":{"start":{"line":95,"column":4},"end":{"line":95,"column":5}},"loc":{"start":{"line":95,"column":30},"end":{"line":100,"column":5}},"line":95},"15":{"name":"(anonymous_15)","decl":{"start":{"line":102,"column":4},"end":{"line":102,"column":5}},"loc":{"start":{"line":102,"column":27},"end":{"line":112,"column":5}},"line":102},"16":{"name":"(anonymous_16)","decl":{"start":{"line":114,"column":4},"end":{"line":114,"column":5}},"loc":{"start":{"line":114,"column":37},"end":{"line":122,"column":5}},"line":114},"17":{"name":"(anonymous_17)","decl":{"start":{"line":119,"column":74},"end":{"line":119,"column":75}},"loc":{"start":{"line":119,"column":79},"end":{"line":119,"column":88}},"line":119},"18":{"name":"(anonymous_18)","decl":{"start":{"line":120,"column":41},"end":{"line":120,"column":42}},"loc":{"start":{"line":120,"column":53},"end":{"line":120,"column":60}},"line":120},"19":{"name":"(anonymous_19)","decl":{"start":{"line":124,"column":4},"end":{"line":124,"column":5}},"loc":{"start":{"line":124,"column":28},"end":{"line":126,"column":5}},"line":124}},"branchMap":{"0":{"loc":{"start":{"line":7,"column":8},"end":{"line":9,"column":9}},"type":"if","locations":[{"start":{"line":7,"column":8},"end":{"line":9,"column":9}},{"start":{},"end":{}}],"line":7},"1":{"loc":{"start":{"line":57,"column":8},"end":{"line":59,"column":9}},"type":"if","locations":[{"start":{"line":57,"column":8},"end":{"line":59,"column":9}},{"start":{},"end":{}}],"line":57},"2":{"loc":{"start":{"line":62,"column":8},"end":{"line":64,"column":9}},"type":"if","locations":[{"start":{"line":62,"column":8},"end":{"line":64,"column":9}},{"start":{},"end":{}}],"line":62},"3":{"loc":{"start":{"line":67,"column":8},"end":{"line":69,"column":9}},"type":"if","locations":[{"start":{"line":67,"column":8},"end":{"line":69,"column":9}},{"start":{},"end":{}}],"line":67},"4":{"loc":{"start":{"line":78,"column":8},"end":{"line":85,"column":9}},"type":"if","locations":[{"start":{"line":78,"column":8},"end":{"line":85,"column":9}},{"start":{"line":83,"column":15},"end":{"line":85,"column":9}}],"line":78},"5":{"loc":{"start":{"line":89,"column":8},"end":{"line":91,"column":9}},"type":"if","locations":[{"start":{"line":89,"column":8},"end":{"line":91,"column":9}},{"start":{},"end":{}}],"line":89},"6":{"loc":{"start":{"line":89,"column":12},"end":{"line":89,"column":65}},"type":"binary-expr","locations":[{"start":{"line":89,"column":12},"end":{"line":89,"column":44}},{"start":{"line":89,"column":48},"end":{"line":89,"column":65}}],"line":89},"7":{"loc":{"start":{"line":96,"column":8},"end":{"line":98,"column":9}},"type":"if","locations":[{"start":{"line":96,"column":8},"end":{"line":98,"column":9}},{"start":{},"end":{}}],"line":96},"8":{"loc":{"start":{"line":103,"column":8},"end":{"line":103,"column":97}},"type":"if","locations":[{"start":{"line":103,"column":8},"end":{"line":103,"column":97}},{"start":{},"end":{}}],"line":103},"9":{"loc":{"start":{"line":104,"column":8},"end":{"line":104,"column":120}},"type":"if","locations":[{"start":{"line":104,"column":8},"end":{"line":104,"column":120}},{"start":{},"end":{}}],"line":104},"10":{"loc":{"start":{"line":115,"column":8},"end":{"line":117,"column":9}},"type":"if","locations":[{"start":{"line":115,"column":8},"end":{"line":117,"column":9}},{"start":{},"end":{}}],"line":115},"11":{"loc":{"start":{"line":115,"column":12},"end":{"line":115,"column":84}},"type":"binary-expr","locations":[{"start":{"line":115,"column":12},"end":{"line":115,"column":39}},{"start":{"line":115,"column":43},"end":{"line":115,"column":84}}],"line":115}},"s":{"0":1,"1":1,"2":1,"3":5,"4":0,"5":5,"6":5,"7":5,"8":5,"9":5,"10":5,"11":5,"12":5,"13":5,"14":0,"15":933,"16":36,"17":0,"18":63,"19":63,"20":63,"21":0,"22":117,"23":1521,"24":117,"25":0,"26":117,"27":0,"28":117,"29":0,"30":117,"31":63,"32":252,"33":63,"34":63,"35":189,"36":0,"37":5,"38":0,"39":5,"40":7,"41":0,"42":7,"43":4,"44":0,"45":4,"46":0,"47":4,"48":4,"49":4,"50":62,"51":0,"52":62,"53":186,"54":62,"55":186,"56":62,"57":0,"58":1},"f":{"0":5,"1":0,"2":933,"3":36,"4":0,"5":63,"6":63,"7":0,"8":117,"9":1521,"10":63,"11":252,"12":189,"13":5,"14":7,"15":4,"16":62,"17":186,"18":186,"19":0},"b":{"0":[0,5],"1":[0,117],"2":[0,117],"3":[0,117],"4":[63,0],"5":[0,5],"6":[5,5],"7":[0,7],"8":[0,4],"9":[0,4],"10":[0,62],"11":[62,62]},"_coverageSchema":"1a1c01bbd47fc00a2c39e90264f33305004495a9","hash":"9e5988df6a9b2d9dd1714659d8509c3dc5a54d60"}
,"D:\\ESPECIALIZACION\\Tecnicas y Herramientas\\Trabajos\\trabajoFinal\\Sesion\\SesionPoster.js": {"path":"D:\\ESPECIALIZACION\\Tecnicas y Herramientas\\Trabajos\\trabajoFinal\\Sesion\\SesionPoster.js","statementMap":{"0":{"start":{"line":1,"column":15},"end":{"line":1,"column":34}},"1":{"start":{"line":5,"column":8},"end":{"line":5,"column":51}},"2":{"start":{"line":6,"column":8},"end":{"line":6,"column":52}},"3":{"start":{"line":7,"column":8},"end":{"line":7,"column":43}},"4":{"start":{"line":14,"column":8},"end":{"line":14,"column":41}},"5":{"start":{"line":21,"column":0},"end":{"line":21,"column":30}}},"fnMap":{"0":{"name":"(anonymous_0)","decl":{"start":{"line":4,"column":4},"end":{"line":4,"column":5}},"loc":{"start":{"line":4,"column":53},"end":{"line":11,"column":5}},"line":4},"1":{"name":"(anonymous_1)","decl":{"start":{"line":13,"column":4},"end":{"line":13,"column":5}},"loc":{"start":{"line":13,"column":40},"end":{"line":15,"column":5}},"line":13}},"branchMap":{},"s":{"0":1,"1":1,"2":1,"3":1,"4":0,"5":1},"f":{"0":1,"1":0},"b":{},"_coverageSchema":"1a1c01bbd47fc00a2c39e90264f33305004495a9","hash":"80047cb0749ee60613db5a605b7c252b08b2e4a7"}
,"D:\\ESPECIALIZACION\\Tecnicas y Herramientas\\Trabajos\\trabajoFinal\\Sesion\\SesionRegular.js": {"path":"D:\\ESPECIALIZACION\\Tecnicas y Herramientas\\Trabajos\\trabajoFinal\\Sesion\\SesionRegular.js","statementMap":{"0":{"start":{"line":1,"column":15},"end":{"line":1,"column":34}},"1":{"start":{"line":5,"column":8},"end":{"line":5,"column":51}},"2":{"start":{"line":6,"column":8},"end":{"line":6,"column":52}},"3":{"start":{"line":7,"column":8},"end":{"line":7,"column":43}},"4":{"start":{"line":14,"column":8},"end":{"line":14,"column":42}},"5":{"start":{"line":73,"column":0},"end":{"line":73,"column":31}}},"fnMap":{"0":{"name":"(anonymous_0)","decl":{"start":{"line":4,"column":4},"end":{"line":4,"column":5}},"loc":{"start":{"line":4,"column":53},"end":{"line":11,"column":5}},"line":4},"1":{"name":"(anonymous_1)","decl":{"start":{"line":13,"column":4},"end":{"line":13,"column":5}},"loc":{"start":{"line":13,"column":40},"end":{"line":15,"column":5}},"line":13}},"branchMap":{},"s":{"0":1,"1":2,"2":2,"3":2,"4":0,"5":1},"f":{"0":2,"1":0},"b":{},"_coverageSchema":"1a1c01bbd47fc00a2c39e90264f33305004495a9","hash":"5bbd632b8db0ffb5d30f3ab05b6ba7827c08b8ac"}
,"D:\\ESPECIALIZACION\\Tecnicas y Herramientas\\Trabajos\\trabajoFinal\\Sesion\\SesionWorkshop.js": {"path":"D:\\ESPECIALIZACION\\Tecnicas y Herramientas\\Trabajos\\trabajoFinal\\Sesion\\SesionWorkshop.js","statementMap":{"0":{"start":{"line":1,"column":15},"end":{"line":1,"column":34}},"1":{"start":{"line":5,"column":8},"end":{"line":5,"column":51}},"2":{"start":{"line":6,"column":8},"end":{"line":6,"column":52}},"3":{"start":{"line":7,"column":8},"end":{"line":7,"column":43}},"4":{"start":{"line":14,"column":8},"end":{"line":14,"column":71}},"5":{"start":{"line":17,"column":0},"end":{"line":17,"column":32}}},"fnMap":{"0":{"name":"(anonymous_0)","decl":{"start":{"line":4,"column":4},"end":{"line":4,"column":5}},"loc":{"start":{"line":4,"column":53},"end":{"line":11,"column":5}},"line":4},"1":{"name":"(anonymous_1)","decl":{"start":{"line":13,"column":4},"end":{"line":13,"column":5}},"loc":{"start":{"line":13,"column":40},"end":{"line":15,"column":5}},"line":13}},"branchMap":{"0":{"loc":{"start":{"line":14,"column":15},"end":{"line":14,"column":70}},"type":"binary-expr","locations":[{"start":{"line":14,"column":15},"end":{"line":14,"column":41}},{"start":{"line":14,"column":45},"end":{"line":14,"column":70}}],"line":14}},"s":{"0":1,"1":2,"2":2,"3":2,"4":63,"5":1},"f":{"0":2,"1":63},"b":{"0":[63,36]},"_coverageSchema":"1a1c01bbd47fc00a2c39e90264f33305004495a9","hash":"ee66369880dffac2f5eceb4c7e5e6bbcf6f6f4a8"}
,"D:\\ESPECIALIZACION\\Tecnicas y Herramientas\\Trabajos\\trabajoFinal\\Usuario\\Autor.js": {"path":"D:\\ESPECIALIZACION\\Tecnicas y Herramientas\\Trabajos\\trabajoFinal\\Usuario\\Autor.js","statementMap":{"0":{"start":{"line":1,"column":16},"end":{"line":1,"column":36}},"1":{"start":{"line":5,"column":8},"end":{"line":5,"column":61}},"2":{"start":{"line":6,"column":8},"end":{"line":6,"column":33}},"3":{"start":{"line":13,"column":8},"end":{"line":13,"column":35}},"4":{"start":{"line":18,"column":8},"end":{"line":20,"column":9}},"5":{"start":{"line":19,"column":12},"end":{"line":19,"column":68}},"6":{"start":{"line":23,"column":8},"end":{"line":26,"column":9}},"7":{"start":{"line":25,"column":12},"end":{"line":25,"column":87}},"8":{"start":{"line":27,"column":8},"end":{"line":27,"column":34}},"9":{"start":{"line":32,"column":8},"end":{"line":32,"column":41}},"10":{"start":{"line":70,"column":0},"end":{"line":70,"column":23}}},"fnMap":{"0":{"name":"(anonymous_0)","decl":{"start":{"line":4,"column":4},"end":{"line":4,"column":5}},"loc":{"start":{"line":4,"column":63},"end":{"line":10,"column":5}},"line":4},"1":{"name":"(anonymous_1)","decl":{"start":{"line":12,"column":4},"end":{"line":12,"column":5}},"loc":{"start":{"line":12,"column":20},"end":{"line":14,"column":5}},"line":12},"2":{"name":"(anonymous_2)","decl":{"start":{"line":17,"column":4},"end":{"line":17,"column":5}},"loc":{"start":{"line":17,"column":35},"end":{"line":28,"column":5}},"line":17},"3":{"name":"(anonymous_3)","decl":{"start":{"line":31,"column":4},"end":{"line":31,"column":5}},"loc":{"start":{"line":31,"column":37},"end":{"line":33,"column":5}},"line":31},"4":{"name":"(anonymous_4)","decl":{"start":{"line":36,"column":4},"end":{"line":36,"column":5}},"loc":{"start":{"line":36,"column":28},"end":{"line":39,"column":5}},"line":36}},"branchMap":{"0":{"loc":{"start":{"line":18,"column":8},"end":{"line":20,"column":9}},"type":"if","locations":[{"start":{"line":18,"column":8},"end":{"line":20,"column":9}},{"start":{},"end":{}}],"line":18},"1":{"loc":{"start":{"line":23,"column":8},"end":{"line":26,"column":9}},"type":"if","locations":[{"start":{"line":23,"column":8},"end":{"line":26,"column":9}},{"start":{},"end":{}}],"line":23},"2":{"loc":{"start":{"line":23,"column":12},"end":{"line":24,"column":72}},"type":"binary-expr","locations":[{"start":{"line":23,"column":13},"end":{"line":23,"column":36}},{"start":{"line":23,"column":40},"end":{"line":23,"column":71}},{"start":{"line":24,"column":13},"end":{"line":24,"column":38}},{"start":{"line":24,"column":42},"end":{"line":24,"column":71}}],"line":23}},"s":{"0":1,"1":4,"2":4,"3":0,"4":0,"5":0,"6":0,"7":0,"8":0,"9":63,"10":1},"f":{"0":4,"1":0,"2":0,"3":63,"4":72},"b":{"0":[0,0],"1":[0,0],"2":[0,0,0,0]},"_coverageSchema":"1a1c01bbd47fc00a2c39e90264f33305004495a9","hash":"d4ee78966592cbe4aea274d432bdb0e5bec45bca"}
,"D:\\ESPECIALIZACION\\Tecnicas y Herramientas\\Trabajos\\trabajoFinal\\Usuario\\Chair.js": {"path":"D:\\ESPECIALIZACION\\Tecnicas y Herramientas\\Trabajos\\trabajoFinal\\Usuario\\Chair.js","statementMap":{"0":{"start":{"line":1,"column":16},"end":{"line":1,"column":36}},"1":{"start":{"line":5,"column":8},"end":{"line":5,"column":61}},"2":{"start":{"line":6,"column":8},"end":{"line":6,"column":33}},"3":{"start":{"line":10,"column":8},"end":{"line":10,"column":35}},"4":{"start":{"line":14,"column":8},"end":{"line":16,"column":9}},"5":{"start":{"line":15,"column":12},"end":{"line":15,"column":68}},"6":{"start":{"line":19,"column":8},"end":{"line":22,"column":9}},"7":{"start":{"line":21,"column":12},"end":{"line":21,"column":87}},"8":{"start":{"line":23,"column":8},"end":{"line":23,"column":34}},"9":{"start":{"line":27,"column":8},"end":{"line":27,"column":56}},"10":{"start":{"line":147,"column":0},"end":{"line":147,"column":23}}},"fnMap":{"0":{"name":"(anonymous_0)","decl":{"start":{"line":4,"column":4},"end":{"line":4,"column":5}},"loc":{"start":{"line":4,"column":63},"end":{"line":7,"column":5}},"line":4},"1":{"name":"(anonymous_1)","decl":{"start":{"line":9,"column":4},"end":{"line":9,"column":5}},"loc":{"start":{"line":9,"column":20},"end":{"line":11,"column":5}},"line":9},"2":{"name":"(anonymous_2)","decl":{"start":{"line":13,"column":4},"end":{"line":13,"column":5}},"loc":{"start":{"line":13,"column":35},"end":{"line":24,"column":5}},"line":13},"3":{"name":"(anonymous_3)","decl":{"start":{"line":26,"column":4},"end":{"line":26,"column":5}},"loc":{"start":{"line":26,"column":56},"end":{"line":28,"column":5}},"line":26}},"branchMap":{"0":{"loc":{"start":{"line":14,"column":8},"end":{"line":16,"column":9}},"type":"if","locations":[{"start":{"line":14,"column":8},"end":{"line":16,"column":9}},{"start":{},"end":{}}],"line":14},"1":{"loc":{"start":{"line":19,"column":8},"end":{"line":22,"column":9}},"type":"if","locations":[{"start":{"line":19,"column":8},"end":{"line":22,"column":9}},{"start":{},"end":{}}],"line":19},"2":{"loc":{"start":{"line":19,"column":12},"end":{"line":20,"column":72}},"type":"binary-expr","locations":[{"start":{"line":19,"column":13},"end":{"line":19,"column":36}},{"start":{"line":19,"column":40},"end":{"line":19,"column":71}},{"start":{"line":20,"column":13},"end":{"line":20,"column":38}},{"start":{"line":20,"column":42},"end":{"line":20,"column":71}}],"line":19}},"s":{"0":1,"1":2,"2":2,"3":0,"4":0,"5":0,"6":0,"7":0,"8":0,"9":0,"10":1},"f":{"0":2,"1":0,"2":0,"3":0},"b":{"0":[0,0],"1":[0,0],"2":[0,0,0,0]},"_coverageSchema":"1a1c01bbd47fc00a2c39e90264f33305004495a9","hash":"e569b12073ee67ea6eb829d5bdb6f10a1abac253"}
,"D:\\ESPECIALIZACION\\Tecnicas y Herramientas\\Trabajos\\trabajoFinal\\Usuario\\Revisor.js": {"path":"D:\\ESPECIALIZACION\\Tecnicas y Herramientas\\Trabajos\\trabajoFinal\\Usuario\\Revisor.js","statementMap":{"0":{"start":{"line":1,"column":16},"end":{"line":1,"column":36}},"1":{"start":{"line":5,"column":8},"end":{"line":5,"column":61}},"2":{"start":{"line":6,"column":8},"end":{"line":6,"column":35}},"3":{"start":{"line":11,"column":8},"end":{"line":11,"column":35}},"4":{"start":{"line":15,"column":8},"end":{"line":17,"column":9}},"5":{"start":{"line":16,"column":12},"end":{"line":16,"column":68}},"6":{"start":{"line":20,"column":8},"end":{"line":23,"column":9}},"7":{"start":{"line":22,"column":12},"end":{"line":22,"column":87}},"8":{"start":{"line":24,"column":8},"end":{"line":24,"column":34}},"9":{"start":{"line":102,"column":0},"end":{"line":102,"column":25}}},"fnMap":{"0":{"name":"(anonymous_0)","decl":{"start":{"line":4,"column":4},"end":{"line":4,"column":5}},"loc":{"start":{"line":4,"column":63},"end":{"line":8,"column":5}},"line":4},"1":{"name":"(anonymous_1)","decl":{"start":{"line":10,"column":4},"end":{"line":10,"column":5}},"loc":{"start":{"line":10,"column":20},"end":{"line":12,"column":5}},"line":10},"2":{"name":"(anonymous_2)","decl":{"start":{"line":14,"column":4},"end":{"line":14,"column":5}},"loc":{"start":{"line":14,"column":35},"end":{"line":25,"column":5}},"line":14}},"branchMap":{"0":{"loc":{"start":{"line":15,"column":8},"end":{"line":17,"column":9}},"type":"if","locations":[{"start":{"line":15,"column":8},"end":{"line":17,"column":9}},{"start":{},"end":{}}],"line":15},"1":{"loc":{"start":{"line":20,"column":8},"end":{"line":23,"column":9}},"type":"if","locations":[{"start":{"line":20,"column":8},"end":{"line":23,"column":9}},{"start":{},"end":{}}],"line":20},"2":{"loc":{"start":{"line":20,"column":12},"end":{"line":21,"column":72}},"type":"binary-expr","locations":[{"start":{"line":20,"column":13},"end":{"line":20,"column":36}},{"start":{"line":20,"column":40},"end":{"line":20,"column":71}},{"start":{"line":21,"column":13},"end":{"line":21,"column":38}},{"start":{"line":21,"column":42},"end":{"line":21,"column":71}}],"line":20}},"s":{"0":1,"1":13,"2":13,"3":0,"4":0,"5":0,"6":0,"7":0,"8":0,"9":1},"f":{"0":13,"1":0,"2":0},"b":{"0":[0,0],"1":[0,0],"2":[0,0,0,0]},"_coverageSchema":"1a1c01bbd47fc00a2c39e90264f33305004495a9","hash":"731c843d95751307da81e19586ce5a7084df2f53"}
,"D:\\ESPECIALIZACION\\Tecnicas y Herramientas\\Trabajos\\trabajoFinal\\Usuario\\Usuario.js": {"path":"D:\\ESPECIALIZACION\\Tecnicas y Herramientas\\Trabajos\\trabajoFinal\\Usuario\\Usuario.js","statementMap":{"0":{"start":{"line":3,"column":33},"end":{"line":3,"column":35}},"1":{"start":{"line":6,"column":8},"end":{"line":8,"column":9}},"2":{"start":{"line":7,"column":12},"end":{"line":7,"column":74}},"3":{"start":{"line":9,"column":8},"end":{"line":9,"column":44}},"4":{"start":{"line":10,"column":8},"end":{"line":10,"column":38}},"5":{"start":{"line":11,"column":8},"end":{"line":11,"column":28}},"6":{"start":{"line":12,"column":8},"end":{"line":12,"column":40}},"7":{"start":{"line":13,"column":8},"end":{"line":13,"column":28}},"8":{"start":{"line":14,"column":8},"end":{"line":14,"column":26}},"9":{"start":{"line":17,"column":8},"end":{"line":17,"column":47}},"10":{"start":{"line":21,"column":8},"end":{"line":21,"column":35}},"11":{"start":{"line":25,"column":8},"end":{"line":31,"column":9}},"12":{"start":{"line":26,"column":12},"end":{"line":29,"column":13}},"13":{"start":{"line":28,"column":16},"end":{"line":28,"column":92}},"14":{"start":{"line":30,"column":12},"end":{"line":30,"column":34}},"15":{"start":{"line":35,"column":8},"end":{"line":35,"column":91}},"16":{"start":{"line":35,"column":61},"end":{"line":35,"column":89}},"17":{"start":{"line":39,"column":8},"end":{"line":41,"column":9}},"18":{"start":{"line":40,"column":12},"end":{"line":40,"column":68}},"19":{"start":{"line":44,"column":8},"end":{"line":47,"column":9}},"20":{"start":{"line":46,"column":12},"end":{"line":46,"column":87}},"21":{"start":{"line":48,"column":8},"end":{"line":48,"column":34}},"22":{"start":{"line":53,"column":8},"end":{"line":56,"column":12}},"23":{"start":{"line":53,"column":59},"end":{"line":56,"column":9}},"24":{"start":{"line":59,"column":0},"end":{"line":59,"column":25}}},"fnMap":{"0":{"name":"(anonymous_0)","decl":{"start":{"line":5,"column":4},"end":{"line":5,"column":5}},"loc":{"start":{"line":5,"column":63},"end":{"line":18,"column":5}},"line":5},"1":{"name":"(anonymous_1)","decl":{"start":{"line":20,"column":4},"end":{"line":20,"column":5}},"loc":{"start":{"line":20,"column":20},"end":{"line":22,"column":5}},"line":20},"2":{"name":"(anonymous_2)","decl":{"start":{"line":24,"column":4},"end":{"line":24,"column":5}},"loc":{"start":{"line":24,"column":19},"end":{"line":32,"column":5}},"line":24},"3":{"name":"(anonymous_3)","decl":{"start":{"line":34,"column":4},"end":{"line":34,"column":5}},"loc":{"start":{"line":34,"column":37},"end":{"line":36,"column":5}},"line":34},"4":{"name":"(anonymous_4)","decl":{"start":{"line":35,"column":50},"end":{"line":35,"column":51}},"loc":{"start":{"line":35,"column":61},"end":{"line":35,"column":89}},"line":35},"5":{"name":"(anonymous_5)","decl":{"start":{"line":38,"column":4},"end":{"line":38,"column":5}},"loc":{"start":{"line":38,"column":35},"end":{"line":49,"column":5}},"line":38},"6":{"name":"(anonymous_6)","decl":{"start":{"line":52,"column":4},"end":{"line":52,"column":5}},"loc":{"start":{"line":52,"column":36},"end":{"line":57,"column":5}},"line":52},"7":{"name":"(anonymous_7)","decl":{"start":{"line":53,"column":47},"end":{"line":53,"column":48}},"loc":{"start":{"line":53,"column":59},"end":{"line":56,"column":9}},"line":53}},"branchMap":{"0":{"loc":{"start":{"line":6,"column":8},"end":{"line":8,"column":9}},"type":"if","locations":[{"start":{"line":6,"column":8},"end":{"line":8,"column":9}},{"start":{},"end":{}}],"line":6},"1":{"loc":{"start":{"line":25,"column":8},"end":{"line":31,"column":9}},"type":"if","locations":[{"start":{"line":25,"column":8},"end":{"line":31,"column":9}},{"start":{},"end":{}}],"line":25},"2":{"loc":{"start":{"line":26,"column":12},"end":{"line":29,"column":13}},"type":"if","locations":[{"start":{"line":26,"column":12},"end":{"line":29,"column":13}},{"start":{},"end":{}}],"line":26},"3":{"loc":{"start":{"line":26,"column":16},"end":{"line":27,"column":68}},"type":"binary-expr","locations":[{"start":{"line":26,"column":17},"end":{"line":26,"column":32}},{"start":{"line":26,"column":36},"end":{"line":26,"column":67}},{"start":{"line":27,"column":17},"end":{"line":27,"column":34}},{"start":{"line":27,"column":38},"end":{"line":27,"column":67}}],"line":26},"4":{"loc":{"start":{"line":39,"column":8},"end":{"line":41,"column":9}},"type":"if","locations":[{"start":{"line":39,"column":8},"end":{"line":41,"column":9}},{"start":{},"end":{}}],"line":39},"5":{"loc":{"start":{"line":44,"column":8},"end":{"line":47,"column":9}},"type":"if","locations":[{"start":{"line":44,"column":8},"end":{"line":47,"column":9}},{"start":{},"end":{}}],"line":44},"6":{"loc":{"start":{"line":44,"column":12},"end":{"line":45,"column":72}},"type":"binary-expr","locations":[{"start":{"line":44,"column":13},"end":{"line":44,"column":36}},{"start":{"line":44,"column":40},"end":{"line":44,"column":71}},{"start":{"line":45,"column":13},"end":{"line":45,"column":38}},{"start":{"line":45,"column":42},"end":{"line":45,"column":71}}],"line":44}},"s":{"0":1,"1":19,"2":0,"3":19,"4":19,"5":19,"6":19,"7":19,"8":19,"9":19,"10":0,"11":19,"12":19,"13":0,"14":19,"15":0,"16":0,"17":0,"18":0,"19":0,"20":0,"21":0,"22":3,"23":57,"24":1},"f":{"0":19,"1":0,"2":19,"3":0,"4":0,"5":0,"6":3,"7":57},"b":{"0":[0,19],"1":[19,0],"2":[0,19],"3":[19,2,19,13],"4":[0,0],"5":[0,0],"6":[0,0,0,0]},"_coverageSchema":"1a1c01bbd47fc00a2c39e90264f33305004495a9","hash":"5956286049e78a2e7534e63bda07c898f37532ec"}
,"D:\\ESPECIALIZACION\\Tecnicas y Herramientas\\Trabajos\\trabajoFinal\\__fixtures__\\articulosFixture.js": {"path":"D:\\ESPECIALIZACION\\Tecnicas y Herramientas\\Trabajos\\trabajoFinal\\__fixtures__\\articulosFixture.js","statementMap":{"0":{"start":{"line":1,"column":42},"end":{"line":1,"column":84}},"1":{"start":{"line":2,"column":24},"end":{"line":2,"column":62}},"2":{"start":{"line":3,"column":23},"end":{"line":3,"column":60}},"3":{"start":{"line":6,"column":24},"end":{"line":10,"column":1}},"4":{"start":{"line":12,"column":25},"end":{"line":16,"column":1}},"5":{"start":{"line":18,"column":25},"end":{"line":22,"column":1}},"6":{"start":{"line":25,"column":23},"end":{"line":29,"column":1}},"7":{"start":{"line":31,"column":34},"end":{"line":35,"column":1}},"8":{"start":{"line":37,"column":24},"end":{"line":41,"column":1}},"9":{"start":{"line":43,"column":24},"end":{"line":47,"column":1}},"10":{"start":{"line":51,"column":0},"end":{"line":52,"column":97}}},"fnMap":{},"branchMap":{},"s":{"0":1,"1":1,"2":1,"3":1,"4":1,"5":1,"6":1,"7":1,"8":1,"9":1,"10":1},"f":{},"b":{},"_coverageSchema":"1a1c01bbd47fc00a2c39e90264f33305004495a9","hash":"bdb13b7a5ad6ce9e0f134143b7594f0dd7704634"}
,"D:\\ESPECIALIZACION\\Tecnicas y Herramientas\\Trabajos\\trabajoFinal\\__fixtures__\\conferenciasFixture.js": {"path":"D:\\ESPECIALIZACION\\Tecnicas y Herramientas\\Trabajos\\trabajoFinal\\__fixtures__\\conferenciasFixture.js","statementMap":{"0":{"start":{"line":1,"column":20},"end":{"line":1,"column":45}},"1":{"start":{"line":3,"column":21},"end":{"line":7,"column":1}},"2":{"start":{"line":9,"column":21},"end":{"line":13,"column":1}},"3":{"start":{"line":15,"column":23},"end":{"line":15,"column":93}},"4":{"start":{"line":16,"column":23},"end":{"line":16,"column":90}},"5":{"start":{"line":17,"column":23},"end":{"line":17,"column":96}},"6":{"start":{"line":19,"column":21},"end":{"line":19,"column":49}},"7":{"start":{"line":21,"column":0},"end":{"line":21,"column":110}}},"fnMap":{},"branchMap":{},"s":{"0":1,"1":1,"2":1,"3":1,"4":1,"5":1,"6":1,"7":1},"f":{},"b":{},"_coverageSchema":"1a1c01bbd47fc00a2c39e90264f33305004495a9","hash":"9009fc2f1c5ed541ca76636b4d17455c0bac254e"}
,"D:\\ESPECIALIZACION\\Tecnicas y Herramientas\\Trabajos\\trabajoFinal\\__fixtures__\\sesionesFixture.js": {"path":"D:\\ESPECIALIZACION\\Tecnicas y Herramientas\\Trabajos\\trabajoFinal\\__fixtures__\\sesionesFixture.js","statementMap":{"0":{"start":{"line":1,"column":59},"end":{"line":1,"column":105}},"1":{"start":{"line":3,"column":18},"end":{"line":3,"column":97}},"2":{"start":{"line":4,"column":16},"end":{"line":4,"column":119}},"3":{"start":{"line":5,"column":18},"end":{"line":5,"column":88}},"4":{"start":{"line":6,"column":16},"end":{"line":6,"column":79}},"5":{"start":{"line":7,"column":16},"end":{"line":7,"column":84}},"6":{"start":{"line":9,"column":0},"end":{"line":9,"column":69}}},"fnMap":{},"branchMap":{},"s":{"0":1,"1":1,"2":1,"3":1,"4":1,"5":1,"6":1},"f":{},"b":{},"_coverageSchema":"1a1c01bbd47fc00a2c39e90264f33305004495a9","hash":"c46afc598432070c4b269d3da4a5f1d72a8edbda"}
,"D:\\ESPECIALIZACION\\Tecnicas y Herramientas\\Trabajos\\trabajoFinal\\__fixtures__\\usuariosFixture.js": {"path":"D:\\ESPECIALIZACION\\Tecnicas y Herramientas\\Trabajos\\trabajoFinal\\__fixtures__\\usuariosFixture.js","statementMap":{"0":{"start":{"line":1,"column":16},"end":{"line":1,"column":45}},"1":{"start":{"line":2,"column":14},"end":{"line":2,"column":41}},"2":{"start":{"line":3,"column":14},"end":{"line":3,"column":41}},"3":{"start":{"line":4,"column":16},"end":{"line":4,"column":45}},"4":{"start":{"line":5,"column":0},"end":{"line":5,"column":33}},"5":{"start":{"line":7,"column":14},"end":{"line":7,"column":87}},"6":{"start":{"line":8,"column":15},"end":{"line":8,"column":81}},"7":{"start":{"line":9,"column":15},"end":{"line":9,"column":86}},"8":{"start":{"line":10,"column":15},"end":{"line":10,"column":83}},"9":{"start":{"line":12,"column":14},"end":{"line":12,"column":79}},"10":{"start":{"line":13,"column":15},"end":{"line":13,"column":79}},"11":{"start":{"line":15,"column":16},"end":{"line":15,"column":87}},"12":{"start":{"line":16,"column":17},"end":{"line":16,"column":87}},"13":{"start":{"line":17,"column":17},"end":{"line":17,"column":92}},"14":{"start":{"line":18,"column":17},"end":{"line":18,"column":86}},"15":{"start":{"line":19,"column":17},"end":{"line":19,"column":89}},"16":{"start":{"line":20,"column":17},"end":{"line":20,"column":84}},"17":{"start":{"line":21,"column":17},"end":{"line":21,"column":82}},"18":{"start":{"line":22,"column":17},"end":{"line":22,"column":88}},"19":{"start":{"line":23,"column":17},"end":{"line":23,"column":90}},"20":{"start":{"line":24,"column":17},"end":{"line":24,"column":83}},"21":{"start":{"line":25,"column":18},"end":{"line":25,"column":91}},"22":{"start":{"line":26,"column":18},"end":{"line":26,"column":95}},"23":{"start":{"line":27,"column":18},"end":{"line":27,"column":90}},"24":{"start":{"line":29,"column":17},"end":{"line":31,"column":53}},"25":{"start":{"line":33,"column":0},"end":{"line":41,"column":2}}},"fnMap":{},"branchMap":{},"s":{"0":1,"1":1,"2":1,"3":1,"4":1,"5":1,"6":1,"7":1,"8":1,"9":1,"10":1,"11":1,"12":1,"13":1,"14":1,"15":1,"16":1,"17":1,"18":1,"19":1,"20":1,"21":1,"22":1,"23":1,"24":1,"25":1},"f":{},"b":{},"_coverageSchema":"1a1c01bbd47fc00a2c39e90264f33305004495a9","hash":"4521dea0769d7cae2d05990bb42aaeb879a2d564"}
}
