TN:
SF:Articulo\Articulo.js
FN:2,(anonymous_0)
FN:28,(anonymous_1)
FN:40,(anonymous_2)
FN:47,(anonymous_3)
FN:48,(anonymous_4)
FN:53,(anonymous_5)
FN:57,(anonymous_6)
FN:61,(anonymous_7)
FN:69,(anonymous_8)
FN:73,(anonymous_9)
FNF:10
FNH:3
FNDA:13,(anonymous_0)
FNDA:8,(anonymous_1)
FNDA:8,(anonymous_2)
FNDA:0,(anonymous_3)
FNDA:0,(anonymous_4)
FNDA:0,(anonymous_5)
FNDA:0,(anonymous_6)
FNDA:0,(anonymous_7)
FNDA:0,(anonymous_8)
FNDA:0,(anonymous_9)
DA:3,13
DA:4,0
DA:7,13
DA:8,2
DA:10,11
DA:12,11
DA:13,11
DA:14,9
DA:16,2
DA:19,9
DA:20,2
DA:22,7
DA:24,7
DA:25,0
DA:28,8
DA:29,0
DA:32,7
DA:34,7
DA:35,7
DA:36,7
DA:41,8
DA:42,2
DA:44,6
DA:48,0
DA:49,0
DA:54,0
DA:58,0
DA:62,0
DA:63,0
DA:65,0
DA:70,0
DA:74,0
DA:75,0
DA:77,0
DA:78,0
DA:126,1
LF:36
LH:21
BRDA:3,0,0,0
BRDA:3,0,1,13
BRDA:7,1,0,2
BRDA:7,1,1,11
BRDA:7,2,0,13
BRDA:7,2,1,11
BRDA:7,2,2,11
BRDA:19,3,0,2
BRDA:19,3,1,7
BRDA:19,4,0,9
BRDA:19,4,1,9
BRDA:19,4,2,7
BRDA:24,5,0,0
BRDA:24,5,1,7
BRDA:28,6,0,0
BRDA:28,6,1,7
BRDA:41,7,0,2
BRDA:41,7,1,6
BRDA:62,8,0,0
BRDA:62,8,1,0
BRDA:62,9,0,0
BRDA:62,9,1,0
BRDA:74,10,0,0
BRDA:74,10,1,0
BRF:24
BRH:15
end_of_record
TN:
SF:Articulo\ArticuloPoster.js
FN:4,(anonymous_0)
FN:17,(anonymous_1)
FN:18,(anonymous_2)
FNF:3
FNH:1
FNDA:6,(anonymous_0)
FNDA:0,(anonymous_1)
FNDA:0,(anonymous_2)
DA:1,1
DA:5,6
DA:7,3
DA:8,3
DA:9,2
DA:11,1
DA:14,2
DA:18,0
DA:19,0
DA:27,1
LF:10
LH:8
BRF:0
BRH:0
end_of_record
TN:
SF:Articulo\ArticuloRegular.js
FN:4,(anonymous_0)
FN:18,(anonymous_1)
FN:19,(anonymous_2)
FNF:3
FNH:1
FNDA:7,(anonymous_0)
FNDA:0,(anonymous_1)
FNDA:0,(anonymous_2)
DA:1,1
DA:5,7
DA:7,4
DA:9,4
DA:10,2
DA:12,2
DA:13,1
DA:15,1
DA:19,0
DA:20,0
DA:29,1
LF:11
LH:9
BRDA:9,0,0,2
BRDA:9,0,1,2
BRDA:9,1,0,4
BRDA:9,1,1,2
BRDA:9,1,2,2
BRDA:12,2,0,1
BRDA:12,2,1,1
BRF:7
BRH:7
end_of_record
TN:
SF:Usuario\Autor.js
FN:4,(anonymous_0)
FN:12,(anonymous_1)
FN:17,(anonymous_2)
FN:31,(anonymous_3)
FN:36,(anonymous_4)
FNF:5
FNH:1
FNDA:4,(anonymous_0)
FNDA:0,(anonymous_1)
FNDA:0,(anonymous_2)
FNDA:0,(anonymous_3)
FNDA:0,(anonymous_4)
DA:1,1
DA:5,4
DA:6,4
DA:13,0
DA:18,0
DA:19,0
DA:23,0
DA:25,0
DA:27,0
DA:32,0
DA:37,0
DA:69,1
LF:12
LH:4
BRDA:18,0,0,0
BRDA:18,0,1,0
BRDA:23,1,0,0
BRDA:23,1,1,0
BRDA:23,2,0,0
BRDA:23,2,1,0
BRDA:23,2,2,0
BRDA:23,2,3,0
BRF:8
BRH:0
end_of_record
TN:
SF:Usuario\Chair.js
FN:4,(anonymous_0)
FN:9,(anonymous_1)
FN:13,(anonymous_2)
FNF:3
FNH:1
FNDA:2,(anonymous_0)
FNDA:0,(anonymous_1)
FNDA:0,(anonymous_2)
DA:1,1
DA:5,2
DA:6,2
DA:10,0
DA:14,0
DA:15,0
DA:19,0
DA:21,0
DA:23,0
DA:143,1
LF:10
LH:4
BRDA:14,0,0,0
BRDA:14,0,1,0
BRDA:19,1,0,0
BRDA:19,1,1,0
BRDA:19,2,0,0
BRDA:19,2,1,0
BRDA:19,2,2,0
BRDA:19,2,3,0
BRF:8
BRH:0
end_of_record
TN:
SF:Usuario\Revisor.js
FN:4,(anonymous_0)
FN:10,(anonymous_1)
FN:14,(anonymous_2)
FNF:3
FNH:1
FNDA:13,(anonymous_0)
FNDA:0,(anonymous_1)
FNDA:0,(anonymous_2)
DA:1,1
DA:5,13
DA:6,13
DA:11,0
DA:15,0
DA:16,0
DA:20,0
DA:22,0
DA:24,0
DA:127,1
LF:10
LH:4
BRDA:15,0,0,0
BRDA:15,0,1,0
BRDA:20,1,0,0
BRDA:20,1,1,0
BRDA:20,2,0,0
BRDA:20,2,1,0
BRDA:20,2,2,0
BRDA:20,2,3,0
BRF:8
BRH:0
end_of_record
TN:
SF:Usuario\Usuario.js
FN:5,(anonymous_0)
FN:20,(anonymous_1)
FN:24,(anonymous_2)
FN:34,(anonymous_3)
FN:35,(anonymous_4)
FN:38,(anonymous_5)
FN:52,(anonymous_6)
FN:53,(anonymous_7)
FNF:8
FNH:2
FNDA:19,(anonymous_0)
FNDA:0,(anonymous_1)
FNDA:19,(anonymous_2)
FNDA:0,(anonymous_3)
FNDA:0,(anonymous_4)
FNDA:0,(anonymous_5)
FNDA:0,(anonymous_6)
FNDA:0,(anonymous_7)
DA:3,1
DA:6,19
DA:7,0
DA:9,19
DA:10,19
DA:11,19
DA:12,19
DA:13,19
DA:14,19
DA:17,19
DA:21,0
DA:25,19
DA:26,19
DA:28,0
DA:30,19
DA:35,0
DA:39,0
DA:40,0
DA:44,0
DA:46,0
DA:48,0
DA:53,0
DA:59,1
LF:23
LH:13
BRDA:6,0,0,0
BRDA:6,0,1,19
BRDA:25,1,0,19
BRDA:25,1,1,0
BRDA:26,2,0,0
BRDA:26,2,1,19
BRDA:26,3,0,19
BRDA:26,3,1,2
BRDA:26,3,2,19
BRDA:26,3,3,13
BRDA:39,4,0,0
BRDA:39,4,1,0
BRDA:44,5,0,0
BRDA:44,5,1,0
BRDA:44,6,0,0
BRDA:44,6,1,0
BRDA:44,6,2,0
BRDA:44,6,3,0
BRF:18
BRH:7
end_of_record
TN:
SF:__fixtures__\articulosFixture.js
FNF:0
FNH:0
DA:1,1
DA:2,1
DA:3,1
DA:6,1
DA:13,1
DA:19,1
DA:25,1
LF:7
LH:7
BRF:0
BRH:0
end_of_record
TN:
SF:__fixtures__\usuariosFixture.js
FNF:0
FNH:0
DA:1,1
DA:2,1
DA:3,1
DA:4,1
DA:5,1
DA:7,1
DA:8,1
DA:9,1
DA:10,1
DA:12,1
DA:13,1
DA:15,1
DA:16,1
DA:17,1
DA:18,1
DA:19,1
DA:20,1
DA:21,1
DA:22,1
DA:23,1
DA:24,1
DA:25,1
DA:26,1
DA:27,1
DA:29,1
DA:33,1
LF:26
LH:26
BRF:0
BRH:0
end_of_record
