TN:
SF:Conferencia.js
FN:7,(anonymous_0)
FN:15,(anonymous_1)
FN:16,(anonymous_2)
FN:19,(anonymous_3)
FN:23,(anonymous_4)
FN:42,(anonymous_5)
FN:47,(anonymous_6)
FN:49,(anonymous_7)
FN:50,(anonymous_8)
FNF:9
FNH:4
FNDA:3,(anonymous_0)
FNDA:57,(anonymous_1)
FNDA:57,(anonymous_2)
FNDA:0,(anonymous_3)
FNDA:5,(anonymous_4)
FNDA:0,(anonymous_5)
FNDA:0,(anonymous_6)
FNDA:0,(anonymous_7)
FNDA:0,(anonymous_8)
DA:1,1
DA:2,1
DA:3,1
DA:4,1
DA:8,3
DA:9,3
DA:10,3
DA:12,3
DA:14,3
DA:15,57
DA:16,57
DA:20,0
DA:25,5
DA:27,2
DA:28,2
DA:30,2
DA:31,2
DA:33,1
DA:34,1
DA:36,0
DA:38,5
DA:39,5
DA:43,0
DA:48,0
DA:49,0
DA:50,0
DA:54,1
LF:27
LH:21
BRDA:25,0,0,2
BRDA:25,0,1,2
BRDA:25,0,2,1
BRDA:25,0,3,0
BRF:4
BRH:3
end_of_record
TN:
SF:Articulo\Articulo.js
FN:2,(anonymous_0)
FN:28,(anonymous_1)
FN:40,(anonymous_2)
FN:47,(anonymous_3)
FN:48,(anonymous_4)
FN:53,(anonymous_5)
FN:57,(anonymous_6)
FN:61,(anonymous_7)
FN:69,(anonymous_8)
FN:81,(anonymous_9)
FN:83,(anonymous_10)
FNF:11
FNH:9
FNDA:7,(anonymous_0)
FNDA:8,(anonymous_1)
FNDA:7,(anonymous_2)
FNDA:21,(anonymous_3)
FNDA:24,(anonymous_4)
FNDA:84,(anonymous_5)
FNDA:273,(anonymous_6)
FNDA:63,(anonymous_7)
FNDA:84,(anonymous_8)
FNDA:0,(anonymous_9)
FNDA:0,(anonymous_10)
DA:3,7
DA:4,0
DA:7,7
DA:8,0
DA:10,7
DA:12,7
DA:13,7
DA:14,7
DA:16,0
DA:19,7
DA:20,0
DA:22,7
DA:24,7
DA:25,0
DA:28,8
DA:29,0
DA:32,7
DA:34,7
DA:35,7
DA:36,7
DA:41,7
DA:42,0
DA:44,7
DA:48,21
DA:49,24
DA:54,84
DA:58,273
DA:62,63
DA:63,63
DA:65,0
DA:70,84
DA:82,0
DA:83,0
DA:84,0
DA:132,1
LF:35
LH:24
BRDA:3,0,0,0
BRDA:3,0,1,7
BRDA:7,1,0,0
BRDA:7,1,1,7
BRDA:7,2,0,7
BRDA:7,2,1,7
BRDA:7,2,2,7
BRDA:19,3,0,0
BRDA:19,3,1,7
BRDA:19,4,0,7
BRDA:19,4,1,7
BRDA:19,4,2,7
BRDA:24,5,0,0
BRDA:24,5,1,7
BRDA:28,6,0,0
BRDA:28,6,1,7
BRDA:41,7,0,0
BRDA:41,7,1,7
BRDA:62,8,0,63
BRDA:62,8,1,0
BRDA:62,9,0,63
BRDA:62,9,1,63
BRDA:82,10,0,0
BRDA:82,10,1,0
BRF:24
BRH:15
end_of_record
TN:
SF:Articulo\ArticuloPoster.js
FN:4,(anonymous_0)
FN:17,(anonymous_1)
FN:18,(anonymous_2)
FNF:3
FNH:1
FNDA:4,(anonymous_0)
FNDA:0,(anonymous_1)
FNDA:0,(anonymous_2)
DA:1,1
DA:5,4
DA:7,4
DA:8,4
DA:9,4
DA:11,0
DA:14,4
DA:18,0
DA:19,0
DA:27,1
LF:10
LH:7
BRF:0
BRH:0
end_of_record
TN:
SF:Articulo\ArticuloRegular.js
FN:4,(anonymous_0)
FN:18,(anonymous_1)
FN:19,(anonymous_2)
FNF:3
FNH:1
FNDA:3,(anonymous_0)
FNDA:0,(anonymous_1)
FNDA:0,(anonymous_2)
DA:1,1
DA:5,3
DA:7,3
DA:9,3
DA:10,0
DA:12,3
DA:13,0
DA:15,3
DA:19,0
DA:20,0
DA:29,1
LF:11
LH:7
BRDA:9,0,0,0
BRDA:9,0,1,3
BRDA:9,1,0,3
BRDA:9,1,1,3
BRDA:9,1,2,3
BRDA:12,2,0,0
BRDA:12,2,1,3
BRF:7
BRH:5
end_of_record
TN:
SF:EstadoSesion\EstadoAsignacion.js
FN:6,(anonymous_0)
FN:10,(anonymous_1)
FN:14,(anonymous_2)
FN:18,(anonymous_3)
FN:22,(anonymous_4)
FN:26,(anonymous_5)
FN:49,(anonymous_6)
FN:54,(anonymous_7)
FN:72,(anonymous_8)
FN:78,(anonymous_9)
FN:79,(anonymous_10)
FN:83,(anonymous_11)
FN:84,(anonymous_12)
FN:85,(anonymous_13)
FN:86,(anonymous_14)
FN:89,(anonymous_15)
FN:92,(anonymous_16)
FN:122,(anonymous_17)
FN:128,(anonymous_18)
FN:133,(anonymous_19)
FN:134,(anonymous_20)
FNF:21
FNH:18
FNDA:3,(anonymous_0)
FNDA:0,(anonymous_1)
FNDA:3,(anonymous_2)
FNDA:0,(anonymous_3)
FNDA:0,(anonymous_4)
FNDA:3,(anonymous_5)
FNDA:39,(anonymous_6)
FNDA:273,(anonymous_7)
FNDA:21,(anonymous_8)
FNDA:84,(anonymous_9)
FNDA:414,(anonymous_10)
FNDA:315,(anonymous_11)
FNDA:126,(anonymous_12)
FNDA:1323,(anonymous_13)
FNDA:147,(anonymous_14)
FNDA:33,(anonymous_15)
FNDA:426,(anonymous_16)
FNDA:39,(anonymous_17)
FNDA:3,(anonymous_18)
FNDA:21,(anonymous_19)
FNDA:273,(anonymous_20)
DA:1,1
DA:2,1
DA:7,3
DA:11,0
DA:15,3
DA:19,0
DA:23,0
DA:28,3
DA:29,0
DA:34,3
DA:35,3
DA:36,3
DA:37,3
DA:38,3
DA:41,3
DA:42,0
DA:45,3
DA:46,3
DA:49,3
DA:50,39
DA:54,3
DA:55,273
DA:57,273
DA:58,3
DA:66,273
DA:67,228
DA:68,210
DA:69,189
DA:72,3
DA:73,21
DA:74,21
DA:75,21
DA:78,21
DA:79,414
DA:83,315
DA:84,126
DA:85,1323
DA:86,147
DA:89,21
DA:90,33
DA:91,63
DA:92,426
DA:93,63
DA:94,63
DA:95,63
DA:96,63
DA:97,63
DA:100,0
DA:106,21
DA:107,21
DA:108,21
DA:109,21
DA:114,21
DA:115,0
DA:118,21
DA:122,39
DA:123,3
DA:124,0
DA:129,3
DA:130,3
DA:131,3
DA:133,3
DA:134,21
DA:135,273
DA:136,273
DA:144,3
DA:161,1
LF:67
LH:59
BRDA:28,0,0,0
BRDA:28,0,1,3
BRDA:41,1,0,0
BRDA:41,1,1,3
BRDA:57,2,0,3
BRDA:57,2,1,270
BRDA:66,3,0,45
BRDA:66,3,1,228
BRDA:67,4,0,18
BRDA:67,4,1,210
BRDA:68,5,0,21
BRDA:68,5,1,189
BRDA:91,6,0,63
BRDA:91,6,1,0
BRDA:93,7,0,63
BRDA:93,7,1,0
BRDA:93,8,0,63
BRDA:93,8,1,63
BRDA:107,9,0,12
BRDA:107,9,1,9
BRDA:108,10,0,0
BRDA:108,10,1,21
BRDA:109,11,0,0
BRDA:109,11,1,21
BRDA:114,12,0,0
BRDA:114,12,1,21
BRDA:123,13,0,0
BRDA:123,13,1,3
BRDA:139,14,0,84
BRDA:139,14,1,189
BRF:30
BRH:22
end_of_record
TN:
SF:EstadoSesion\EstadoBidding.js
FN:6,(anonymous_0)
FN:10,(anonymous_1)
FN:14,(anonymous_2)
FN:18,(anonymous_3)
FN:22,(anonymous_4)
FN:43,(anonymous_5)
FNF:6
FNH:3
FNDA:3,(anonymous_0)
FNDA:0,(anonymous_1)
FNDA:3,(anonymous_2)
FNDA:0,(anonymous_3)
FNDA:84,(anonymous_4)
FNDA:0,(anonymous_5)
DA:1,1
DA:2,1
DA:7,3
DA:11,0
DA:15,3
DA:19,0
DA:23,84
DA:24,0
DA:30,84
DA:31,84
DA:32,0
DA:36,84
DA:37,0
DA:40,84
DA:44,0
DA:66,1
LF:16
LH:10
BRDA:23,0,0,0
BRDA:23,0,1,84
BRDA:31,1,0,0
BRDA:31,1,1,84
BRDA:36,2,0,0
BRDA:36,2,1,84
BRF:6
BRH:3
end_of_record
TN:
SF:EstadoSesion\EstadoRecepcion.js
FN:6,(anonymous_0)
FN:11,(anonymous_1)
FN:15,(anonymous_2)
FN:19,(anonymous_3)
FN:23,(anonymous_4)
FN:43,(anonymous_5)
FN:47,(anonymous_6)
FNF:7
FNH:4
FNDA:5,(anonymous_0)
FNDA:0,(anonymous_1)
FNDA:3,(anonymous_2)
FNDA:21,(anonymous_3)
FNDA:21,(anonymous_4)
FNDA:0,(anonymous_5)
FNDA:0,(anonymous_6)
DA:1,1
DA:2,1
DA:7,5
DA:8,5
DA:12,0
DA:16,3
DA:20,21
DA:24,21
DA:26,0
DA:27,0
DA:30,21
DA:32,0
DA:33,0
DA:37,21
DA:40,21
DA:44,0
DA:48,0
DA:51,1
LF:18
LH:11
BRDA:24,0,0,0
BRDA:24,0,1,21
BRDA:30,1,0,0
BRDA:30,1,1,21
BRF:4
BRH:2
end_of_record
TN:
SF:EstadoSesion\EstadoRevision.js
FN:6,(anonymous_0)
FN:11,(anonymous_1)
FN:15,(anonymous_2)
FN:19,(anonymous_3)
FN:23,(anonymous_4)
FN:27,(anonymous_5)
FN:43,(anonymous_6)
FNF:7
FNH:2
FNDA:3,(anonymous_0)
FNDA:0,(anonymous_1)
FNDA:0,(anonymous_2)
FNDA:0,(anonymous_3)
FNDA:0,(anonymous_4)
FNDA:0,(anonymous_5)
FNDA:63,(anonymous_6)
DA:1,1
DA:2,1
DA:7,3
DA:8,3
DA:12,0
DA:16,0
DA:20,0
DA:24,0
DA:28,0
DA:44,63
DA:45,0
DA:49,63
DA:50,0
DA:52,63
DA:53,0
DA:56,63
DA:57,21
DA:60,63
DA:75,1
LF:19
LH:11
BRDA:44,0,0,0
BRDA:44,0,1,63
BRDA:49,1,0,0
BRDA:49,1,1,63
BRDA:52,2,0,0
BRDA:52,2,1,63
BRDA:52,3,0,63
BRDA:52,3,1,63
BRDA:56,4,0,21
BRDA:56,4,1,42
BRF:10
BRH:7
end_of_record
TN:
SF:EstadoSesion\EstadoSeleccion.js
FN:4,(anonymous_0)
FN:8,(anonymous_1)
FN:12,(anonymous_2)
FN:16,(anonymous_3)
FN:20,(anonymous_4)
FNF:5
FNH:4
FNDA:3,(anonymous_0)
FNDA:3,(anonymous_1)
FNDA:1,(anonymous_2)
FNDA:1,(anonymous_3)
FNDA:0,(anonymous_4)
DA:1,1
DA:5,3
DA:9,3
DA:13,1
DA:17,1
DA:21,0
DA:36,1
LF:7
LH:6
BRF:0
BRH:0
end_of_record
TN:
SF:EstadoSesion\EstadoSesion.js
FN:2,(anonymous_0)
FN:6,(anonymous_1)
FN:10,(anonymous_2)
FN:14,(anonymous_3)
FN:18,(anonymous_4)
FN:22,(anonymous_5)
FNF:6
FNH:1
FNDA:17,(anonymous_0)
FNDA:0,(anonymous_1)
FNDA:0,(anonymous_2)
FNDA:0,(anonymous_3)
FNDA:0,(anonymous_4)
FNDA:0,(anonymous_5)
DA:3,17
DA:7,0
DA:11,0
DA:15,0
DA:19,0
DA:23,0
DA:26,1
LF:7
LH:2
BRF:0
BRH:0
end_of_record
TN:
SF:Sesion\Sesion.js
FN:5,(anonymous_0)
FN:18,(anonymous_1)
FN:22,(anonymous_2)
FN:26,(anonymous_3)
FN:30,(anonymous_4)
FN:35,(anonymous_5)
FN:41,(anonymous_6)
FN:45,(anonymous_7)
FN:50,(anonymous_8)
FN:52,(anonymous_9)
FN:72,(anonymous_10)
FN:74,(anonymous_11)
FN:77,(anonymous_12)
FN:85,(anonymous_13)
FN:89,(anonymous_14)
FN:93,(anonymous_15)
FNF:16
FNH:11
FNDA:5,(anonymous_0)
FNDA:0,(anonymous_1)
FNDA:314,(anonymous_2)
FNDA:12,(anonymous_3)
FNDA:0,(anonymous_4)
FNDA:21,(anonymous_5)
FNDA:21,(anonymous_6)
FNDA:0,(anonymous_7)
FNDA:39,(anonymous_8)
FNDA:507,(anonymous_9)
FNDA:21,(anonymous_10)
FNDA:84,(anonymous_11)
FNDA:63,(anonymous_12)
FNDA:1,(anonymous_13)
FNDA:0,(anonymous_14)
FNDA:0,(anonymous_15)
DA:1,1
DA:2,1
DA:6,5
DA:7,0
DA:9,5
DA:10,5
DA:11,5
DA:12,5
DA:13,5
DA:14,5
DA:15,5
DA:19,0
DA:23,314
DA:27,12
DA:31,0
DA:36,21
DA:37,21
DA:42,21
DA:46,0
DA:52,507
DA:54,39
DA:55,0
DA:59,39
DA:60,0
DA:64,39
DA:65,0
DA:69,39
DA:74,84
DA:75,21
DA:77,21
DA:78,63
DA:81,0
DA:86,1
DA:90,0
DA:94,0
DA:95,0
DA:284,1
LF:37
LH:26
BRDA:6,0,0,0
BRDA:6,0,1,5
BRDA:54,1,0,0
BRDA:54,1,1,39
BRDA:59,2,0,0
BRDA:59,2,1,39
BRDA:64,3,0,0
BRDA:64,3,1,39
BRDA:75,4,0,21
BRDA:75,4,1,0
BRDA:94,5,0,0
BRDA:94,5,1,0
BRF:12
BRH:5
end_of_record
TN:
SF:Sesion\SesionPoster.js
FN:4,(anonymous_0)
FN:13,(anonymous_1)
FNF:2
FNH:1
FNDA:1,(anonymous_0)
FNDA:0,(anonymous_1)
DA:1,1
DA:5,1
DA:6,1
DA:7,1
DA:14,0
DA:21,1
LF:6
LH:5
BRF:0
BRH:0
end_of_record
TN:
SF:Sesion\SesionRegular.js
FN:4,(anonymous_0)
FN:13,(anonymous_1)
FNF:2
FNH:1
FNDA:2,(anonymous_0)
FNDA:0,(anonymous_1)
DA:1,1
DA:5,2
DA:6,2
DA:7,2
DA:14,0
DA:73,1
LF:6
LH:5
BRF:0
BRH:0
end_of_record
TN:
SF:Sesion\SesionWorkshop.js
FN:4,(anonymous_0)
FN:13,(anonymous_1)
FNF:2
FNH:2
FNDA:2,(anonymous_0)
FNDA:21,(anonymous_1)
DA:1,1
DA:5,2
DA:6,2
DA:7,2
DA:14,21
DA:17,1
LF:6
LH:6
BRDA:14,0,0,21
BRDA:14,0,1,12
BRF:2
BRH:2
end_of_record
TN:
SF:Usuario\Autor.js
FN:4,(anonymous_0)
FN:12,(anonymous_1)
FN:17,(anonymous_2)
FN:31,(anonymous_3)
FN:36,(anonymous_4)
FNF:5
FNH:3
FNDA:4,(anonymous_0)
FNDA:0,(anonymous_1)
FNDA:0,(anonymous_2)
FNDA:21,(anonymous_3)
FNDA:24,(anonymous_4)
DA:1,1
DA:5,4
DA:6,4
DA:13,0
DA:18,0
DA:19,0
DA:23,0
DA:25,0
DA:27,0
DA:32,21
DA:37,24
DA:69,1
LF:12
LH:6
BRDA:18,0,0,0
BRDA:18,0,1,0
BRDA:23,1,0,0
BRDA:23,1,1,0
BRDA:23,2,0,0
BRDA:23,2,1,0
BRDA:23,2,2,0
BRDA:23,2,3,0
BRF:8
BRH:0
end_of_record
TN:
SF:Usuario\Chair.js
FN:4,(anonymous_0)
FN:9,(anonymous_1)
FN:13,(anonymous_2)
FN:26,(anonymous_3)
FNF:4
FNH:1
FNDA:2,(anonymous_0)
FNDA:0,(anonymous_1)
FNDA:0,(anonymous_2)
FNDA:0,(anonymous_3)
DA:1,1
DA:5,2
DA:6,2
DA:10,0
DA:14,0
DA:15,0
DA:19,0
DA:21,0
DA:23,0
DA:27,0
DA:147,1
LF:11
LH:4
BRDA:14,0,0,0
BRDA:14,0,1,0
BRDA:19,1,0,0
BRDA:19,1,1,0
BRDA:19,2,0,0
BRDA:19,2,1,0
BRDA:19,2,2,0
BRDA:19,2,3,0
BRF:8
BRH:0
end_of_record
TN:
SF:Usuario\Revisor.js
FN:4,(anonymous_0)
FN:10,(anonymous_1)
FN:14,(anonymous_2)
FNF:3
FNH:1
FNDA:13,(anonymous_0)
FNDA:0,(anonymous_1)
FNDA:0,(anonymous_2)
DA:1,1
DA:5,13
DA:6,13
DA:11,0
DA:15,0
DA:16,0
DA:20,0
DA:22,0
DA:24,0
DA:102,1
LF:10
LH:4
BRDA:15,0,0,0
BRDA:15,0,1,0
BRDA:20,1,0,0
BRDA:20,1,1,0
BRDA:20,2,0,0
BRDA:20,2,1,0
BRDA:20,2,2,0
BRDA:20,2,3,0
BRF:8
BRH:0
end_of_record
TN:
SF:Usuario\Usuario.js
FN:5,(anonymous_0)
FN:20,(anonymous_1)
FN:24,(anonymous_2)
FN:34,(anonymous_3)
FN:35,(anonymous_4)
FN:38,(anonymous_5)
FN:52,(anonymous_6)
FN:53,(anonymous_7)
FNF:8
FNH:4
FNDA:19,(anonymous_0)
FNDA:0,(anonymous_1)
FNDA:19,(anonymous_2)
FNDA:0,(anonymous_3)
FNDA:0,(anonymous_4)
FNDA:0,(anonymous_5)
FNDA:3,(anonymous_6)
FNDA:57,(anonymous_7)
DA:3,1
DA:6,19
DA:7,0
DA:9,19
DA:10,19
DA:11,19
DA:12,19
DA:13,19
DA:14,19
DA:17,19
DA:21,0
DA:25,19
DA:26,19
DA:28,0
DA:30,19
DA:35,0
DA:39,0
DA:40,0
DA:44,0
DA:46,0
DA:48,0
DA:53,57
DA:59,1
LF:23
LH:14
BRDA:6,0,0,0
BRDA:6,0,1,19
BRDA:25,1,0,19
BRDA:25,1,1,0
BRDA:26,2,0,0
BRDA:26,2,1,19
BRDA:26,3,0,19
BRDA:26,3,1,2
BRDA:26,3,2,19
BRDA:26,3,3,13
BRDA:39,4,0,0
BRDA:39,4,1,0
BRDA:44,5,0,0
BRDA:44,5,1,0
BRDA:44,6,0,0
BRDA:44,6,1,0
BRDA:44,6,2,0
BRDA:44,6,3,0
BRF:18
BRH:7
end_of_record
TN:
SF:__fixtures__\articulosFixture.js
FNF:0
FNH:0
DA:1,1
DA:2,1
DA:3,1
DA:6,1
DA:12,1
DA:18,1
DA:25,1
DA:31,1
DA:37,1
DA:43,1
DA:51,1
LF:11
LH:11
BRF:0
BRH:0
end_of_record
TN:
SF:__fixtures__\conferenciasFixture.js
FNF:0
FNH:0
DA:1,1
DA:3,1
DA:9,1
DA:15,1
DA:16,1
DA:17,1
DA:19,1
DA:21,1
LF:8
LH:8
BRF:0
BRH:0
end_of_record
TN:
SF:__fixtures__\sesionesFixture.js
FNF:0
FNH:0
DA:1,1
DA:3,1
DA:4,1
DA:5,1
DA:6,1
DA:7,1
DA:9,1
LF:7
LH:7
BRF:0
BRH:0
end_of_record
TN:
SF:__fixtures__\usuariosFixture.js
FNF:0
FNH:0
DA:1,1
DA:2,1
DA:3,1
DA:4,1
DA:5,1
DA:7,1
DA:8,1
DA:9,1
DA:10,1
DA:12,1
DA:13,1
DA:15,1
DA:16,1
DA:17,1
DA:18,1
DA:19,1
DA:20,1
DA:21,1
DA:22,1
DA:23,1
DA:24,1
DA:25,1
DA:26,1
DA:27,1
DA:29,1
DA:33,1
LF:26
LH:26
BRF:0
BRH:0
end_of_record
